{"C:\\Users\\Felipe\\Desktop\\Programacao\\Muzyka\\muzyka-react\\__test__\\test-utils.tsx": {"path":"C:\\Users\\Felipe\\Desktop\\Programacao\\Muzyka\\muzyka-react\\__test__\\test-utils.tsx","statementMap":{"0":{"start":{"line":13,"column":2},"end":{"line":13,"column":null}},"1":{"start":{"line":15,"column":18},"end":{"line":20,"column":null}},"2":{"start":{"line":16,"column":4},"end":{"line":20,"column":null}},"3":{"start":{"line":23,"column":2},"end":{"line":25,"column":null}},"4":{"start":{"line":37,"column":18},"end":{"line":49,"column":null}},"5":{"start":{"line":38,"column":4},"end":{"line":47,"column":null}},"6":{"start":{"line":51,"column":2},"end":{"line":53,"column":null}}},"fnMap":{"0":{"name":"renderWithRouter","decl":{"start":{"line":12,"column":16},"end":{"line":12,"column":33}},"loc":{"start":{"line":12,"column":73},"end":{"line":26,"column":null}},"line":12},"1":{"name":"(anonymous_1)","decl":{"start":{"line":15,"column":18},"end":{"line":15,"column":19}},"loc":{"start":{"line":16,"column":4},"end":{"line":20,"column":null}},"line":16},"2":{"name":"renderWithMemoryRouter","decl":{"start":{"line":29,"column":16},"end":{"line":29,"column":null}},"loc":{"start":{"line":36,"column":2},"end":{"line":54,"column":null}},"line":36},"3":{"name":"(anonymous_3)","decl":{"start":{"line":37,"column":18},"end":{"line":37,"column":19}},"loc":{"start":{"line":37,"column":50},"end":{"line":49,"column":null}},"line":37}},"branchMap":{"0":{"loc":{"start":{"line":12,"column":51},"end":{"line":12,"column":73}},"type":"default-arg","locations":[{"start":{"line":12,"column":69},"end":{"line":12,"column":73}}],"line":12},"1":{"loc":{"start":{"line":12,"column":53},"end":{"line":12,"column":65}},"type":"default-arg","locations":[{"start":{"line":12,"column":61},"end":{"line":12,"column":65}}],"line":12},"2":{"loc":{"start":{"line":31,"column":2},"end":{"line":35,"column":null}},"type":"default-arg","locations":[{"start":{"line":35,"column":6},"end":{"line":35,"column":null}}],"line":31},"3":{"loc":{"start":{"line":32,"column":4},"end":{"line":32,"column":null}},"type":"default-arg","locations":[{"start":{"line":32,"column":21},"end":{"line":32,"column":null}}],"line":32},"4":{"loc":{"start":{"line":33,"column":4},"end":{"line":33,"column":null}},"type":"default-arg","locations":[{"start":{"line":33,"column":12},"end":{"line":33,"column":null}}],"line":33}},"s":{"0":11,"1":11,"2":11,"3":11,"4":12,"5":12,"6":12},"f":{"0":11,"1":11,"2":12,"3":12},"b":{"0":[11],"1":[11],"2":[12],"3":[12],"4":[12]},"meta":{"lastBranch":5,"lastFunction":4,"lastStatement":7,"seen":{"f:12:16:12:33":0,"b:12:69:12:73":0,"b:12:61:12:65":1,"s:13:2:13:Infinity":0,"s:15:18:20:Infinity":1,"f:15:18:15:19":1,"s:16:4:20:Infinity":2,"s:23:2:25:Infinity":3,"f:29:16:29:Infinity":2,"b:35:6:35:Infinity":2,"b:32:21:32:Infinity":3,"b:33:12:33:Infinity":4,"s:37:18:49:Infinity":4,"f:37:18:37:19":3,"s:38:4:47:Infinity":5,"s:51:2:53:Infinity":6}}}
,"C:\\Users\\Felipe\\Desktop\\Programacao\\Muzyka\\muzyka-react\\src\\components\\Breadcrumb.tsx": {"path":"C:\\Users\\Felipe\\Desktop\\Programacao\\Muzyka\\muzyka-react\\src\\components\\Breadcrumb.tsx","statementMap":{"0":{"start":{"line":14,"column":2},"end":{"line":31,"column":null}},"1":{"start":{"line":21,"column":10},"end":{"line":28,"column":null}}},"fnMap":{"0":{"name":"Breadcrumb","decl":{"start":{"line":13,"column":16},"end":{"line":13,"column":27}},"loc":{"start":{"line":13,"column":55},"end":{"line":33,"column":null}},"line":13},"1":{"name":"(anonymous_1)","decl":{"start":{"line":20,"column":19},"end":{"line":20,"column":20}},"loc":{"start":{"line":21,"column":10},"end":{"line":28,"column":null}},"line":21}},"branchMap":{"0":{"loc":{"start":{"line":23,"column":13},"end":{"line":26,"column":null}},"type":"cond-expr","locations":[{"start":{"line":24,"column":14},"end":{"line":24,"column":null}},{"start":{"line":26,"column":14},"end":{"line":26,"column":null}}],"line":23}},"s":{"0":2,"1":4},"f":{"0":2,"1":4},"b":{"0":[2,2]},"meta":{"lastBranch":1,"lastFunction":2,"lastStatement":2,"seen":{"f:13:16:13:27":0,"s:14:2:31:Infinity":0,"f:20:19:20:20":1,"s:21:10:28:Infinity":1,"b:24:14:24:Infinity:26:14:26:Infinity":0}}}
,"C:\\Users\\Felipe\\Desktop\\Programacao\\Muzyka\\muzyka-react\\src\\components\\FloatingUp.tsx": {"path":"C:\\Users\\Felipe\\Desktop\\Programacao\\Muzyka\\muzyka-react\\src\\components\\FloatingUp.tsx","statementMap":{"0":{"start":{"line":9,"column":53},"end":{"line":73,"column":null}},"1":{"start":{"line":12,"column":32},"end":{"line":12,"column":null}},"2":{"start":{"line":15,"column":27},"end":{"line":30,"column":null}},"3":{"start":{"line":18,"column":6},"end":{"line":19,"column":null}},"4":{"start":{"line":22,"column":31},"end":{"line":22,"column":null}},"5":{"start":{"line":25,"column":4},"end":{"line":29,"column":null}},"6":{"start":{"line":26,"column":6},"end":{"line":26,"column":null}},"7":{"start":{"line":28,"column":6},"end":{"line":28,"column":null}},"8":{"start":{"line":33,"column":22},"end":{"line":38,"column":null}},"9":{"start":{"line":34,"column":4},"end":{"line":37,"column":null}},"10":{"start":{"line":41,"column":2},"end":{"line":48,"column":null}},"11":{"start":{"line":42,"column":4},"end":{"line":42,"column":null}},"12":{"start":{"line":45,"column":4},"end":{"line":47,"column":null}},"13":{"start":{"line":46,"column":6},"end":{"line":46,"column":null}},"14":{"start":{"line":50,"column":2},"end":{"line":71,"column":null}}},"fnMap":{"0":{"name":"(anonymous_0)","decl":{"start":{"line":9,"column":53},"end":{"line":9,"column":54}},"loc":{"start":{"line":11,"column":6},"end":{"line":73,"column":null}},"line":11},"1":{"name":"(anonymous_1)","decl":{"start":{"line":15,"column":27},"end":{"line":15,"column":33}},"loc":{"start":{"line":15,"column":33},"end":{"line":30,"column":null}},"line":15},"2":{"name":"(anonymous_2)","decl":{"start":{"line":33,"column":22},"end":{"line":33,"column":28}},"loc":{"start":{"line":33,"column":28},"end":{"line":38,"column":null}},"line":33},"3":{"name":"(anonymous_3)","decl":{"start":{"line":41,"column":12},"end":{"line":41,"column":18}},"loc":{"start":{"line":41,"column":18},"end":{"line":48,"column":5}},"line":41},"4":{"name":"(anonymous_4)","decl":{"start":{"line":45,"column":11},"end":{"line":45,"column":17}},"loc":{"start":{"line":45,"column":17},"end":{"line":47,"column":null}},"line":45}},"branchMap":{"0":{"loc":{"start":{"line":10,"column":2},"end":{"line":10,"column":null}},"type":"default-arg","locations":[{"start":{"line":10,"column":24},"end":{"line":10,"column":null}}],"line":10},"1":{"loc":{"start":{"line":25,"column":4},"end":{"line":29,"column":null}},"type":"if","locations":[{"start":{"line":25,"column":4},"end":{"line":29,"column":null}},{"start":{"line":27,"column":11},"end":{"line":29,"column":null}}],"line":25},"2":{"loc":{"start":{"line":52,"column":39},"end":{"line":52,"column":65}},"type":"cond-expr","locations":[{"start":{"line":52,"column":51},"end":{"line":52,"column":63}},{"start":{"line":52,"column":63},"end":{"line":52,"column":65}}],"line":52}},"s":{"0":1,"1":2,"2":2,"3":0,"4":0,"5":0,"6":0,"7":0,"8":2,"9":0,"10":2,"11":1,"12":1,"13":1,"14":2},"f":{"0":2,"1":0,"2":0,"3":1,"4":1},"b":{"0":[2],"1":[0,0],"2":[0,2]},"meta":{"lastBranch":3,"lastFunction":5,"lastStatement":15,"seen":{"s:9:53:73:Infinity":0,"f:9:53:9:54":0,"b:10:24:10:Infinity":0,"s:12:32:12:Infinity":1,"s:15:27:30:Infinity":2,"f:15:27:15:33":1,"s:18:6:19:Infinity":3,"s:22:31:22:Infinity":4,"b:25:4:29:Infinity:27:11:29:Infinity":1,"s:25:4:29:Infinity":5,"s:26:6:26:Infinity":6,"s:28:6:28:Infinity":7,"s:33:22:38:Infinity":8,"f:33:22:33:28":2,"s:34:4:37:Infinity":9,"s:41:2:48:Infinity":10,"f:41:12:41:18":3,"s:42:4:42:Infinity":11,"s:45:4:47:Infinity":12,"f:45:11:45:17":4,"s:46:6:46:Infinity":13,"s:50:2:71:Infinity":14,"b:52:51:52:63:52:63:52:65":2}}}
,"C:\\Users\\Felipe\\Desktop\\Programacao\\Muzyka\\muzyka-react\\src\\components\\ProductCard.tsx": {"path":"C:\\Users\\Felipe\\Desktop\\Programacao\\Muzyka\\muzyka-react\\src\\components\\ProductCard.tsx","statementMap":{"0":{"start":{"line":11,"column":48},"end":{"line":40,"column":null}},"1":{"start":{"line":12,"column":20},"end":{"line":12,"column":null}},"2":{"start":{"line":14,"column":2},"end":{"line":38,"column":null}},"3":{"start":{"line":29,"column":59},"end":{"line":29,"column":79}}},"fnMap":{"0":{"name":"(anonymous_0)","decl":{"start":{"line":11,"column":48},"end":{"line":11,"column":49}},"loc":{"start":{"line":11,"column":65},"end":{"line":40,"column":null}},"line":11},"1":{"name":"(anonymous_1)","decl":{"start":{"line":29,"column":53},"end":{"line":29,"column":59}},"loc":{"start":{"line":29,"column":59},"end":{"line":29,"column":79}},"line":29}},"branchMap":{"0":{"loc":{"start":{"line":28,"column":9},"end":{"line":35,"column":null}},"type":"cond-expr","locations":[{"start":{"line":29,"column":10},"end":{"line":31,"column":null}},{"start":{"line":33,"column":10},"end":{"line":35,"column":null}}],"line":28}},"s":{"0":1,"1":3,"2":3,"3":1},"f":{"0":3,"1":1},"b":{"0":[3,0]},"meta":{"lastBranch":1,"lastFunction":2,"lastStatement":4,"seen":{"s:11:48:40:Infinity":0,"f:11:48:11:49":0,"s:12:20:12:Infinity":1,"s:14:2:38:Infinity":2,"b:29:10:31:Infinity:33:10:35:Infinity":0,"f:29:53:29:59":1,"s:29:59:29:79":3}}}
,"C:\\Users\\Felipe\\Desktop\\Programacao\\Muzyka\\muzyka-react\\src\\components\\admin\\AddUserForm.tsx": {"path":"C:\\Users\\Felipe\\Desktop\\Programacao\\Muzyka\\muzyka-react\\src\\components\\admin\\AddUserForm.tsx","statementMap":{"0":{"start":{"line":11,"column":49},"end":{"line":130,"column":null}},"1":{"start":{"line":12,"column":30},"end":{"line":12,"column":null}},"2":{"start":{"line":13,"column":24},"end":{"line":13,"column":null}},"3":{"start":{"line":14,"column":30},"end":{"line":14,"column":null}},"4":{"start":{"line":15,"column":22},"end":{"line":15,"column":null}},"5":{"start":{"line":16,"column":26},"end":{"line":16,"column":null}},"6":{"start":{"line":18,"column":2},"end":{"line":32,"column":null}},"7":{"start":{"line":19,"column":4},"end":{"line":31,"column":null}},"8":{"start":{"line":20,"column":6},"end":{"line":20,"column":null}},"9":{"start":{"line":21,"column":6},"end":{"line":21,"column":null}},"10":{"start":{"line":22,"column":6},"end":{"line":22,"column":null}},"11":{"start":{"line":23,"column":6},"end":{"line":23,"column":null}},"12":{"start":{"line":26,"column":6},"end":{"line":26,"column":null}},"13":{"start":{"line":27,"column":6},"end":{"line":27,"column":null}},"14":{"start":{"line":28,"column":6},"end":{"line":28,"column":null}},"15":{"start":{"line":29,"column":6},"end":{"line":29,"column":null}},"16":{"start":{"line":30,"column":6},"end":{"line":30,"column":null}},"17":{"start":{"line":34,"column":23},"end":{"line":68,"column":null}},"18":{"start":{"line":35,"column":4},"end":{"line":35,"column":null}},"19":{"start":{"line":36,"column":36},"end":{"line":42,"column":null}},"20":{"start":{"line":44,"column":4},"end":{"line":50,"column":null}},"21":{"start":{"line":49,"column":9},"end":{"line":49,"column":null}},"22":{"start":{"line":53,"column":4},"end":{"line":56,"column":null}},"23":{"start":{"line":54,"column":7},"end":{"line":54,"column":null}},"24":{"start":{"line":55,"column":7},"end":{"line":55,"column":null}},"25":{"start":{"line":58,"column":4},"end":{"line":58,"column":null}},"26":{"start":{"line":60,"column":4},"end":{"line":67,"column":null}},"27":{"start":{"line":62,"column":6},"end":{"line":62,"column":null}},"28":{"start":{"line":63,"column":6},"end":{"line":63,"column":null}},"29":{"start":{"line":64,"column":6},"end":{"line":64,"column":null}},"30":{"start":{"line":65,"column":6},"end":{"line":65,"column":null}},"31":{"start":{"line":66,"column":6},"end":{"line":66,"column":null}},"32":{"start":{"line":70,"column":2},"end":{"line":128,"column":null}},"33":{"start":{"line":80,"column":29},"end":{"line":80,"column":null}},"34":{"start":{"line":90,"column":29},"end":{"line":90,"column":null}},"35":{"start":{"line":100,"column":29},"end":{"line":100,"column":null}},"36":{"start":{"line":107,"column":62},"end":{"line":107,"column":null}},"37":{"start":{"line":114,"column":66},"end":{"line":114,"column":null}}},"fnMap":{"0":{"name":"(anonymous_0)","decl":{"start":{"line":11,"column":49},"end":{"line":11,"column":50}},"loc":{"start":{"line":11,"column":109},"end":{"line":130,"column":null}},"line":11},"1":{"name":"(anonymous_1)","decl":{"start":{"line":18,"column":12},"end":{"line":18,"column":18}},"loc":{"start":{"line":18,"column":18},"end":{"line":32,"column":5}},"line":18},"2":{"name":"(anonymous_2)","decl":{"start":{"line":34,"column":23},"end":{"line":34,"column":24}},"loc":{"start":{"line":34,"column":47},"end":{"line":68,"column":null}},"line":34},"3":{"name":"(anonymous_3)","decl":{"start":{"line":80,"column":22},"end":{"line":80,"column":23}},"loc":{"start":{"line":80,"column":29},"end":{"line":80,"column":null}},"line":80},"4":{"name":"(anonymous_4)","decl":{"start":{"line":90,"column":22},"end":{"line":90,"column":23}},"loc":{"start":{"line":90,"column":29},"end":{"line":90,"column":null}},"line":90},"5":{"name":"(anonymous_5)","decl":{"start":{"line":100,"column":22},"end":{"line":100,"column":23}},"loc":{"start":{"line":100,"column":29},"end":{"line":100,"column":null}},"line":100},"6":{"name":"(anonymous_6)","decl":{"start":{"line":107,"column":55},"end":{"line":107,"column":56}},"loc":{"start":{"line":107,"column":62},"end":{"line":107,"column":null}},"line":107},"7":{"name":"(anonymous_7)","decl":{"start":{"line":114,"column":59},"end":{"line":114,"column":60}},"loc":{"start":{"line":114,"column":66},"end":{"line":114,"column":null}},"line":114}},"branchMap":{"0":{"loc":{"start":{"line":11,"column":85},"end":{"line":11,"column":103}},"type":"default-arg","locations":[{"start":{"line":11,"column":97},"end":{"line":11,"column":103}}],"line":11},"1":{"loc":{"start":{"line":12,"column":43},"end":{"line":12,"column":70}},"type":"binary-expr","locations":[{"start":{"line":12,"column":43},"end":{"line":12,"column":68}},{"start":{"line":12,"column":68},"end":{"line":12,"column":70}}],"line":12},"2":{"loc":{"start":{"line":13,"column":37},"end":{"line":13,"column":61}},"type":"binary-expr","locations":[{"start":{"line":13,"column":37},"end":{"line":13,"column":59}},{"start":{"line":13,"column":59},"end":{"line":13,"column":61}}],"line":13},"3":{"loc":{"start":{"line":15,"column":57},"end":{"line":15,"column":88}},"type":"binary-expr","locations":[{"start":{"line":15,"column":57},"end":{"line":15,"column":78}},{"start":{"line":15,"column":78},"end":{"line":15,"column":88}}],"line":15},"4":{"loc":{"start":{"line":16,"column":62},"end":{"line":16,"column":93}},"type":"binary-expr","locations":[{"start":{"line":16,"column":62},"end":{"line":16,"column":85}},{"start":{"line":16,"column":85},"end":{"line":16,"column":93}}],"line":16},"5":{"loc":{"start":{"line":19,"column":4},"end":{"line":31,"column":null}},"type":"if","locations":[{"start":{"line":19,"column":4},"end":{"line":31,"column":null}},{"start":{"line":25,"column":11},"end":{"line":31,"column":null}}],"line":19},"6":{"loc":{"start":{"line":44,"column":4},"end":{"line":50,"column":null}},"type":"if","locations":[{"start":{"line":44,"column":4},"end":{"line":50,"column":null}},{"start":{},"end":{}}],"line":44},"7":{"loc":{"start":{"line":53,"column":4},"end":{"line":56,"column":null}},"type":"if","locations":[{"start":{"line":53,"column":4},"end":{"line":56,"column":null}},{"start":{},"end":{}}],"line":53},"8":{"loc":{"start":{"line":60,"column":4},"end":{"line":67,"column":null}},"type":"if","locations":[{"start":{"line":60,"column":4},"end":{"line":67,"column":null}},{"start":{},"end":{}}],"line":60},"9":{"loc":{"start":{"line":72,"column":11},"end":{"line":72,"column":52}},"type":"cond-expr","locations":[{"start":{"line":72,"column":23},"end":{"line":72,"column":37}},{"start":{"line":72,"column":37},"end":{"line":72,"column":52}}],"line":72},"10":{"loc":{"start":{"line":102,"column":25},"end":{"line":102,"column":null}},"type":"cond-expr","locations":[{"start":{"line":102,"column":37},"end":{"line":102,"column":78}},{"start":{"line":102,"column":78},"end":{"line":102,"column":null}}],"line":102},"11":{"loc":{"start":{"line":121,"column":13},"end":{"line":121,"column":null}},"type":"cond-expr","locations":[{"start":{"line":121,"column":25},"end":{"line":121,"column":41}},{"start":{"line":121,"column":41},"end":{"line":121,"column":null}}],"line":121}},"s":{"0":1,"1":9,"2":9,"3":9,"4":9,"5":9,"6":9,"7":2,"8":0,"9":0,"10":0,"11":0,"12":2,"13":2,"14":2,"15":2,"16":2,"17":9,"18":1,"19":1,"20":1,"21":1,"22":1,"23":1,"24":1,"25":1,"26":1,"27":1,"28":1,"29":1,"30":1,"31":1,"32":9,"33":1,"34":1,"35":1,"36":1,"37":1},"f":{"0":9,"1":2,"2":1,"3":1,"4":1,"5":1,"6":1,"7":1},"b":{"0":[9],"1":[9,9],"2":[9,9],"3":[9,9],"4":[9,9],"5":[0,2],"6":[1,0],"7":[1,0],"8":[1,0],"9":[0,9],"10":[0,9],"11":[0,9]},"meta":{"lastBranch":12,"lastFunction":8,"lastStatement":38,"seen":{"s:11:49:130:Infinity":0,"f:11:49:11:50":0,"b:11:97:11:103":0,"s:12:30:12:Infinity":1,"b:12:43:12:68:12:68:12:70":1,"s:13:24:13:Infinity":2,"b:13:37:13:59:13:59:13:61":2,"s:14:30:14:Infinity":3,"s:15:22:15:Infinity":4,"b:15:57:15:78:15:78:15:88":3,"s:16:26:16:Infinity":5,"b:16:62:16:85:16:85:16:93":4,"s:18:2:32:Infinity":6,"f:18:12:18:18":1,"b:19:4:31:Infinity:25:11:31:Infinity":5,"s:19:4:31:Infinity":7,"s:20:6:20:Infinity":8,"s:21:6:21:Infinity":9,"s:22:6:22:Infinity":10,"s:23:6:23:Infinity":11,"s:26:6:26:Infinity":12,"s:27:6:27:Infinity":13,"s:28:6:28:Infinity":14,"s:29:6:29:Infinity":15,"s:30:6:30:Infinity":16,"s:34:23:68:Infinity":17,"f:34:23:34:24":2,"s:35:4:35:Infinity":18,"s:36:36:42:Infinity":19,"b:44:4:50:Infinity:undefined:undefined:undefined:undefined":6,"s:44:4:50:Infinity":20,"s:49:9:49:Infinity":21,"b:53:4:56:Infinity:undefined:undefined:undefined:undefined":7,"s:53:4:56:Infinity":22,"s:54:7:54:Infinity":23,"s:55:7:55:Infinity":24,"s:58:4:58:Infinity":25,"b:60:4:67:Infinity:undefined:undefined:undefined:undefined":8,"s:60:4:67:Infinity":26,"s:62:6:62:Infinity":27,"s:63:6:63:Infinity":28,"s:64:6:64:Infinity":29,"s:65:6:65:Infinity":30,"s:66:6:66:Infinity":31,"s:70:2:128:Infinity":32,"b:72:23:72:37:72:37:72:52":9,"f:80:22:80:23":3,"s:80:29:80:Infinity":33,"f:90:22:90:23":4,"s:90:29:90:Infinity":34,"f:100:22:100:23":5,"s:100:29:100:Infinity":35,"b:102:37:102:78:102:78:102:Infinity":10,"f:107:55:107:56":6,"s:107:62:107:Infinity":36,"f:114:59:114:60":7,"s:114:66:114:Infinity":37,"b:121:25:121:41:121:41:121:Infinity":11}}}
,"C:\\Users\\Felipe\\Desktop\\Programacao\\Muzyka\\muzyka-react\\src\\context\\AuthContext.tsx": {"path":"C:\\Users\\Felipe\\Desktop\\Programacao\\Muzyka\\muzyka-react\\src\\context\\AuthContext.tsx","statementMap":{"0":{"start":{"line":13,"column":6},"end":{"line":13,"column":null}},"1":{"start":{"line":15,"column":23},"end":{"line":21,"column":null}},"2":{"start":{"line":16,"column":8},"end":{"line":16,"column":null}},"3":{"start":{"line":17,"column":2},"end":{"line":19,"column":null}},"4":{"start":{"line":18,"column":4},"end":{"line":18,"column":null}},"5":{"start":{"line":20,"column":2},"end":{"line":20,"column":null}},"6":{"start":{"line":27,"column":57},"end":{"line":74,"column":null}},"7":{"start":{"line":28,"column":22},"end":{"line":31,"column":null}},"8":{"start":{"line":29,"column":23},"end":{"line":29,"column":null}},"9":{"start":{"line":30,"column":4},"end":{"line":30,"column":null}},"10":{"start":{"line":33,"column":24},"end":{"line":35,"column":null}},"11":{"start":{"line":34,"column":4},"end":{"line":34,"column":null}},"12":{"start":{"line":38,"column":2},"end":{"line":44,"column":null}},"13":{"start":{"line":39,"column":4},"end":{"line":43,"column":null}},"14":{"start":{"line":40,"column":6},"end":{"line":40,"column":null}},"15":{"start":{"line":42,"column":6},"end":{"line":42,"column":null}},"16":{"start":{"line":46,"column":2},"end":{"line":52,"column":null}},"17":{"start":{"line":47,"column":4},"end":{"line":51,"column":null}},"18":{"start":{"line":48,"column":6},"end":{"line":48,"column":null}},"19":{"start":{"line":50,"column":6},"end":{"line":50,"column":null}},"20":{"start":{"line":54,"column":16},"end":{"line":64,"column":null}},"21":{"start":{"line":55,"column":4},"end":{"line":63,"column":null}},"22":{"start":{"line":57,"column":59},"end":{"line":57,"column":null}},"23":{"start":{"line":58,"column":6},"end":{"line":58,"column":null}},"24":{"start":{"line":59,"column":6},"end":{"line":59,"column":null}},"25":{"start":{"line":61,"column":6},"end":{"line":61,"column":null}},"26":{"start":{"line":62,"column":6},"end":{"line":62,"column":null}},"27":{"start":{"line":66,"column":17},"end":{"line":69,"column":null}},"28":{"start":{"line":67,"column":4},"end":{"line":67,"column":null}},"29":{"start":{"line":68,"column":4},"end":{"line":68,"column":null}},"30":{"start":{"line":71,"column":16},"end":{"line":71,"column":null}},"31":{"start":{"line":73,"column":2},"end":{"line":73,"column":null}}},"fnMap":{"0":{"name":"(anonymous_0)","decl":{"start":{"line":15,"column":23},"end":{"line":15,"column":29}},"loc":{"start":{"line":15,"column":29},"end":{"line":21,"column":null}},"line":15},"1":{"name":"(anonymous_1)","decl":{"start":{"line":27,"column":57},"end":{"line":27,"column":58}},"loc":{"start":{"line":27,"column":75},"end":{"line":74,"column":null}},"line":27},"2":{"name":"(anonymous_2)","decl":{"start":{"line":28,"column":48},"end":{"line":28,"column":54}},"loc":{"start":{"line":28,"column":54},"end":{"line":31,"column":3}},"line":28},"3":{"name":"(anonymous_3)","decl":{"start":{"line":33,"column":52},"end":{"line":33,"column":58}},"loc":{"start":{"line":33,"column":58},"end":{"line":35,"column":3}},"line":33},"4":{"name":"(anonymous_4)","decl":{"start":{"line":38,"column":12},"end":{"line":38,"column":18}},"loc":{"start":{"line":38,"column":18},"end":{"line":44,"column":5}},"line":38},"5":{"name":"(anonymous_5)","decl":{"start":{"line":46,"column":12},"end":{"line":46,"column":18}},"loc":{"start":{"line":46,"column":18},"end":{"line":52,"column":5}},"line":46},"6":{"name":"(anonymous_6)","decl":{"start":{"line":54,"column":16},"end":{"line":54,"column":23}},"loc":{"start":{"line":54,"column":59},"end":{"line":64,"column":null}},"line":54},"7":{"name":"(anonymous_7)","decl":{"start":{"line":66,"column":17},"end":{"line":66,"column":23}},"loc":{"start":{"line":66,"column":23},"end":{"line":69,"column":null}},"line":66}},"branchMap":{"0":{"loc":{"start":{"line":17,"column":2},"end":{"line":19,"column":null}},"type":"if","locations":[{"start":{"line":17,"column":2},"end":{"line":19,"column":null}},{"start":{},"end":{}}],"line":17},"1":{"loc":{"start":{"line":30,"column":11},"end":{"line":30,"column":null}},"type":"cond-expr","locations":[{"start":{"line":30,"column":24},"end":{"line":30,"column":49}},{"start":{"line":30,"column":49},"end":{"line":30,"column":null}}],"line":30},"2":{"loc":{"start":{"line":39,"column":4},"end":{"line":43,"column":null}},"type":"if","locations":[{"start":{"line":39,"column":4},"end":{"line":43,"column":null}},{"start":{"line":41,"column":11},"end":{"line":43,"column":null}}],"line":39},"3":{"loc":{"start":{"line":47,"column":4},"end":{"line":51,"column":null}},"type":"if","locations":[{"start":{"line":47,"column":4},"end":{"line":51,"column":null}},{"start":{"line":49,"column":11},"end":{"line":51,"column":null}}],"line":47}},"s":{"0":6,"1":6,"2":6,"3":6,"4":0,"5":6,"6":6,"7":23,"8":23,"9":23,"10":23,"11":23,"12":23,"13":23,"14":0,"15":23,"16":23,"17":23,"18":0,"19":23,"20":23,"21":0,"22":0,"23":0,"24":0,"25":0,"26":0,"27":23,"28":0,"29":0,"30":23,"31":23},"f":{"0":6,"1":23,"2":23,"3":23,"4":23,"5":23,"6":0,"7":0},"b":{"0":[0,6],"1":[0,23],"2":[0,23],"3":[0,23]},"meta":{"lastBranch":4,"lastFunction":8,"lastStatement":32,"seen":{"s:13:6:13:Infinity":0,"s:15:23:21:Infinity":1,"f:15:23:15:29":0,"s:16:8:16:Infinity":2,"b:17:2:19:Infinity:undefined:undefined:undefined:undefined":0,"s:17:2:19:Infinity":3,"s:18:4:18:Infinity":4,"s:20:2:20:Infinity":5,"s:27:57:74:Infinity":6,"f:27:57:27:58":1,"s:28:22:31:Infinity":7,"f:28:48:28:54":2,"s:29:23:29:Infinity":8,"s:30:4:30:Infinity":9,"b:30:24:30:49:30:49:30:Infinity":1,"s:33:24:35:Infinity":10,"f:33:52:33:58":3,"s:34:4:34:Infinity":11,"s:38:2:44:Infinity":12,"f:38:12:38:18":4,"b:39:4:43:Infinity:41:11:43:Infinity":2,"s:39:4:43:Infinity":13,"s:40:6:40:Infinity":14,"s:42:6:42:Infinity":15,"s:46:2:52:Infinity":16,"f:46:12:46:18":5,"b:47:4:51:Infinity:49:11:51:Infinity":3,"s:47:4:51:Infinity":17,"s:48:6:48:Infinity":18,"s:50:6:50:Infinity":19,"s:54:16:64:Infinity":20,"f:54:16:54:23":6,"s:55:4:63:Infinity":21,"s:57:59:57:Infinity":22,"s:58:6:58:Infinity":23,"s:59:6:59:Infinity":24,"s:61:6:61:Infinity":25,"s:62:6:62:Infinity":26,"s:66:17:69:Infinity":27,"f:66:17:66:23":7,"s:67:4:67:Infinity":28,"s:68:4:68:Infinity":29,"s:71:16:71:Infinity":30,"s:73:2:73:Infinity":31}}}
,"C:\\Users\\Felipe\\Desktop\\Programacao\\Muzyka\\muzyka-react\\src\\context\\CartContext.tsx": {"path":"C:\\Users\\Felipe\\Desktop\\Programacao\\Muzyka\\muzyka-react\\src\\context\\CartContext.tsx","statementMap":{"0":{"start":{"line":21,"column":6},"end":{"line":21,"column":null}},"1":{"start":{"line":24,"column":23},"end":{"line":30,"column":null}},"2":{"start":{"line":25,"column":8},"end":{"line":25,"column":null}},"3":{"start":{"line":26,"column":2},"end":{"line":28,"column":null}},"4":{"start":{"line":27,"column":4},"end":{"line":27,"column":null}},"5":{"start":{"line":29,"column":2},"end":{"line":29,"column":null}},"6":{"start":{"line":38,"column":57},"end":{"line":104,"column":null}},"7":{"start":{"line":39,"column":22},"end":{"line":39,"column":null}},"8":{"start":{"line":42,"column":20},"end":{"line":58,"column":null}},"9":{"start":{"line":43,"column":4},"end":{"line":57,"column":null}},"10":{"start":{"line":44,"column":27},"end":{"line":44,"column":null}},"11":{"start":{"line":44,"column":49},"end":{"line":44,"column":71}},"12":{"start":{"line":45,"column":6},"end":{"line":56,"column":null}},"13":{"start":{"line":46,"column":8},"end":{"line":53,"column":null}},"14":{"start":{"line":47,"column":10},"end":{"line":49,"column":null}},"15":{"start":{"line":48,"column":12},"end":{"line":48,"column":null}},"16":{"start":{"line":51,"column":10},"end":{"line":51,"column":null}},"17":{"start":{"line":52,"column":10},"end":{"line":52,"column":null}},"18":{"start":{"line":55,"column":8},"end":{"line":55,"column":null}},"19":{"start":{"line":61,"column":25},"end":{"line":63,"column":null}},"20":{"start":{"line":62,"column":4},"end":{"line":62,"column":null}},"21":{"start":{"line":62,"column":24},"end":{"line":62,"column":70}},"22":{"start":{"line":62,"column":48},"end":{"line":62,"column":69}},"23":{"start":{"line":66,"column":25},"end":{"line":86,"column":null}},"24":{"start":{"line":67,"column":4},"end":{"line":85,"column":null}},"25":{"start":{"line":68,"column":6},"end":{"line":68,"column":null}},"26":{"start":{"line":70,"column":6},"end":{"line":84,"column":null}},"27":{"start":{"line":71,"column":29},"end":{"line":71,"column":null}},"28":{"start":{"line":71,"column":51},"end":{"line":71,"column":72}},"29":{"start":{"line":73,"column":8},"end":{"line":78,"column":null}},"30":{"start":{"line":74,"column":10},"end":{"line":74,"column":null}},"31":{"start":{"line":75,"column":10},"end":{"line":77,"column":null}},"32":{"start":{"line":76,"column":12},"end":{"line":76,"column":null}},"33":{"start":{"line":81,"column":8},"end":{"line":83,"column":null}},"34":{"start":{"line":82,"column":10},"end":{"line":82,"column":null}},"35":{"start":{"line":88,"column":20},"end":{"line":90,"column":null}},"36":{"start":{"line":89,"column":4},"end":{"line":89,"column":null}},"37":{"start":{"line":92,"column":20},"end":{"line":92,"column":null}},"38":{"start":{"line":92,"column":49},"end":{"line":92,"column":72}},"39":{"start":{"line":94,"column":16},"end":{"line":101,"column":null}},"40":{"start":{"line":103,"column":2},"end":{"line":103,"column":null}}},"fnMap":{"0":{"name":"(anonymous_0)","decl":{"start":{"line":24,"column":23},"end":{"line":24,"column":29}},"loc":{"start":{"line":24,"column":29},"end":{"line":30,"column":null}},"line":24},"1":{"name":"(anonymous_1)","decl":{"start":{"line":38,"column":57},"end":{"line":38,"column":58}},"loc":{"start":{"line":38,"column":75},"end":{"line":104,"column":null}},"line":38},"2":{"name":"(anonymous_2)","decl":{"start":{"line":42,"column":20},"end":{"line":42,"column":21}},"loc":{"start":{"line":42,"column":42},"end":{"line":58,"column":null}},"line":42},"3":{"name":"(anonymous_3)","decl":{"start":{"line":43,"column":12},"end":{"line":43,"column":24}},"loc":{"start":{"line":43,"column":24},"end":{"line":57,"column":5}},"line":43},"4":{"name":"(anonymous_4)","decl":{"start":{"line":44,"column":41},"end":{"line":44,"column":49}},"loc":{"start":{"line":44,"column":49},"end":{"line":44,"column":71}},"line":44},"5":{"name":"(anonymous_5)","decl":{"start":{"line":47,"column":30},"end":{"line":47,"column":null}},"loc":{"start":{"line":48,"column":12},"end":{"line":48,"column":null}},"line":48},"6":{"name":"(anonymous_6)","decl":{"start":{"line":61,"column":25},"end":{"line":61,"column":26}},"loc":{"start":{"line":61,"column":48},"end":{"line":63,"column":null}},"line":61},"7":{"name":"(anonymous_7)","decl":{"start":{"line":62,"column":12},"end":{"line":62,"column":24}},"loc":{"start":{"line":62,"column":24},"end":{"line":62,"column":70}},"line":62},"8":{"name":"(anonymous_8)","decl":{"start":{"line":62,"column":40},"end":{"line":62,"column":48}},"loc":{"start":{"line":62,"column":48},"end":{"line":62,"column":69}},"line":62},"9":{"name":"(anonymous_9)","decl":{"start":{"line":66,"column":25},"end":{"line":66,"column":26}},"loc":{"start":{"line":66,"column":66},"end":{"line":86,"column":null}},"line":66},"10":{"name":"(anonymous_10)","decl":{"start":{"line":70,"column":14},"end":{"line":70,"column":26}},"loc":{"start":{"line":70,"column":26},"end":{"line":84,"column":7}},"line":70},"11":{"name":"(anonymous_11)","decl":{"start":{"line":71,"column":43},"end":{"line":71,"column":51}},"loc":{"start":{"line":71,"column":51},"end":{"line":71,"column":72}},"line":71},"12":{"name":"(anonymous_12)","decl":{"start":{"line":75,"column":30},"end":{"line":75,"column":null}},"loc":{"start":{"line":76,"column":12},"end":{"line":76,"column":null}},"line":76},"13":{"name":"(anonymous_13)","decl":{"start":{"line":81,"column":28},"end":{"line":81,"column":null}},"loc":{"start":{"line":82,"column":10},"end":{"line":82,"column":null}},"line":82},"14":{"name":"(anonymous_14)","decl":{"start":{"line":88,"column":20},"end":{"line":88,"column":26}},"loc":{"start":{"line":88,"column":26},"end":{"line":90,"column":null}},"line":88},"15":{"name":"(anonymous_15)","decl":{"start":{"line":92,"column":32},"end":{"line":92,"column":33}},"loc":{"start":{"line":92,"column":49},"end":{"line":92,"column":72}},"line":92}},"branchMap":{"0":{"loc":{"start":{"line":26,"column":2},"end":{"line":28,"column":null}},"type":"if","locations":[{"start":{"line":26,"column":2},"end":{"line":28,"column":null}},{"start":{},"end":{}}],"line":26},"1":{"loc":{"start":{"line":45,"column":6},"end":{"line":56,"column":null}},"type":"if","locations":[{"start":{"line":45,"column":6},"end":{"line":56,"column":null}},{"start":{"line":54,"column":13},"end":{"line":56,"column":null}}],"line":45},"2":{"loc":{"start":{"line":46,"column":8},"end":{"line":53,"column":null}},"type":"if","locations":[{"start":{"line":46,"column":8},"end":{"line":53,"column":null}},{"start":{"line":50,"column":15},"end":{"line":53,"column":null}}],"line":46},"3":{"loc":{"start":{"line":48,"column":12},"end":{"line":48,"column":null}},"type":"cond-expr","locations":[{"start":{"line":48,"column":37},"end":{"line":48,"column":80}},{"start":{"line":48,"column":80},"end":{"line":48,"column":null}}],"line":48},"4":{"loc":{"start":{"line":67,"column":4},"end":{"line":85,"column":null}},"type":"if","locations":[{"start":{"line":67,"column":4},"end":{"line":85,"column":null}},{"start":{"line":69,"column":11},"end":{"line":85,"column":null}}],"line":67},"5":{"loc":{"start":{"line":73,"column":8},"end":{"line":78,"column":null}},"type":"if","locations":[{"start":{"line":73,"column":8},"end":{"line":78,"column":null}},{"start":{},"end":{}}],"line":73},"6":{"loc":{"start":{"line":73,"column":12},"end":{"line":73,"column":59}},"type":"binary-expr","locations":[{"start":{"line":73,"column":12},"end":{"line":73,"column":28}},{"start":{"line":73,"column":28},"end":{"line":73,"column":59}}],"line":73},"7":{"loc":{"start":{"line":76,"column":12},"end":{"line":76,"column":null}},"type":"cond-expr","locations":[{"start":{"line":76,"column":36},"end":{"line":76,"column":80}},{"start":{"line":76,"column":80},"end":{"line":76,"column":null}}],"line":76},"8":{"loc":{"start":{"line":82,"column":10},"end":{"line":82,"column":null}},"type":"cond-expr","locations":[{"start":{"line":82,"column":34},"end":{"line":82,"column":58}},{"start":{"line":82,"column":58},"end":{"line":82,"column":null}}],"line":82}},"s":{"0":7,"1":7,"2":24,"3":24,"4":0,"5":24,"6":7,"7":34,"8":34,"9":7,"10":7,"11":0,"12":7,"13":0,"14":0,"15":0,"16":0,"17":0,"18":7,"19":34,"20":1,"21":1,"22":1,"23":34,"24":1,"25":0,"26":1,"27":1,"28":1,"29":1,"30":0,"31":0,"32":0,"33":1,"34":1,"35":34,"36":1,"37":34,"38":8,"39":34,"40":34},"f":{"0":24,"1":34,"2":7,"3":7,"4":0,"5":0,"6":1,"7":1,"8":1,"9":1,"10":1,"11":1,"12":0,"13":1,"14":1,"15":8},"b":{"0":[0,24],"1":[0,7],"2":[0,0],"3":[0,0],"4":[0,1],"5":[0,1],"6":[1,1],"7":[0,0],"8":[1,0]},"meta":{"lastBranch":9,"lastFunction":16,"lastStatement":41,"seen":{"s:21:6:21:Infinity":0,"s:24:23:30:Infinity":1,"f:24:23:24:29":0,"s:25:8:25:Infinity":2,"b:26:2:28:Infinity:undefined:undefined:undefined:undefined":0,"s:26:2:28:Infinity":3,"s:27:4:27:Infinity":4,"s:29:2:29:Infinity":5,"s:38:57:104:Infinity":6,"f:38:57:38:58":1,"s:39:22:39:Infinity":7,"s:42:20:58:Infinity":8,"f:42:20:42:21":2,"s:43:4:57:Infinity":9,"f:43:12:43:24":3,"s:44:27:44:Infinity":10,"f:44:41:44:49":4,"s:44:49:44:71":11,"b:45:6:56:Infinity:54:13:56:Infinity":1,"s:45:6:56:Infinity":12,"b:46:8:53:Infinity:50:15:53:Infinity":2,"s:46:8:53:Infinity":13,"s:47:10:49:Infinity":14,"f:47:30:47:Infinity":5,"s:48:12:48:Infinity":15,"b:48:37:48:80:48:80:48:Infinity":3,"s:51:10:51:Infinity":16,"s:52:10:52:Infinity":17,"s:55:8:55:Infinity":18,"s:61:25:63:Infinity":19,"f:61:25:61:26":6,"s:62:4:62:Infinity":20,"f:62:12:62:24":7,"s:62:24:62:70":21,"f:62:40:62:48":8,"s:62:48:62:69":22,"s:66:25:86:Infinity":23,"f:66:25:66:26":9,"b:67:4:85:Infinity:69:11:85:Infinity":4,"s:67:4:85:Infinity":24,"s:68:6:68:Infinity":25,"s:70:6:84:Infinity":26,"f:70:14:70:26":10,"s:71:29:71:Infinity":27,"f:71:43:71:51":11,"s:71:51:71:72":28,"b:73:8:78:Infinity:undefined:undefined:undefined:undefined":5,"s:73:8:78:Infinity":29,"b:73:12:73:28:73:28:73:59":6,"s:74:10:74:Infinity":30,"s:75:10:77:Infinity":31,"f:75:30:75:Infinity":12,"s:76:12:76:Infinity":32,"b:76:36:76:80:76:80:76:Infinity":7,"s:81:8:83:Infinity":33,"f:81:28:81:Infinity":13,"s:82:10:82:Infinity":34,"b:82:34:82:58:82:58:82:Infinity":8,"s:88:20:90:Infinity":35,"f:88:20:88:26":14,"s:89:4:89:Infinity":36,"s:92:20:92:Infinity":37,"f:92:32:92:33":15,"s:92:49:92:72":38,"s:94:16:101:Infinity":39,"s:103:2:103:Infinity":40}}}
,"C:\\Users\\Felipe\\Desktop\\Programacao\\Muzyka\\muzyka-react\\src\\pages\\Cart.tsx": {"path":"C:\\Users\\Felipe\\Desktop\\Programacao\\Muzyka\\muzyka-react\\src\\pages\\Cart.tsx","statementMap":{"0":{"start":{"line":8,"column":23},"end":{"line":88,"column":null}},"1":{"start":{"line":9,"column":58},"end":{"line":9,"column":null}},"2":{"start":{"line":10,"column":15},"end":{"line":10,"column":null}},"3":{"start":{"line":11,"column":8},"end":{"line":11,"column":null}},"4":{"start":{"line":13,"column":19},"end":{"line":13,"column":null}},"5":{"start":{"line":13,"column":46},"end":{"line":13,"column":80}},"6":{"start":{"line":15,"column":25},"end":{"line":43,"column":null}},"7":{"start":{"line":16,"column":4},"end":{"line":20,"column":null}},"8":{"start":{"line":17,"column":6},"end":{"line":17,"column":null}},"9":{"start":{"line":18,"column":6},"end":{"line":18,"column":null}},"10":{"start":{"line":19,"column":6},"end":{"line":19,"column":null}},"11":{"start":{"line":21,"column":4},"end":{"line":24,"column":null}},"12":{"start":{"line":22,"column":6},"end":{"line":22,"column":null}},"13":{"start":{"line":23,"column":6},"end":{"line":23,"column":null}},"14":{"start":{"line":26,"column":22},"end":{"line":32,"column":null}},"15":{"start":{"line":28,"column":31},"end":{"line":31,"column":8}},"16":{"start":{"line":34,"column":4},"end":{"line":42,"column":null}},"17":{"start":{"line":35,"column":6},"end":{"line":35,"column":null}},"18":{"start":{"line":36,"column":6},"end":{"line":36,"column":null}},"19":{"start":{"line":37,"column":6},"end":{"line":37,"column":null}},"20":{"start":{"line":38,"column":6},"end":{"line":38,"column":null}},"21":{"start":{"line":40,"column":6},"end":{"line":40,"column":null}},"22":{"start":{"line":41,"column":6},"end":{"line":41,"column":null}},"23":{"start":{"line":45,"column":2},"end":{"line":86,"column":null}},"24":{"start":{"line":60,"column":14},"end":{"line":76,"column":null}},"25":{"start":{"line":70,"column":43},"end":{"line":70,"column":87}},"26":{"start":{"line":72,"column":43},"end":{"line":72,"column":87}},"27":{"start":{"line":74,"column":41},"end":{"line":74,"column":66}}},"fnMap":{"0":{"name":"(anonymous_0)","decl":{"start":{"line":8,"column":23},"end":{"line":8,"column":29}},"loc":{"start":{"line":8,"column":29},"end":{"line":88,"column":null}},"line":8},"1":{"name":"(anonymous_1)","decl":{"start":{"line":13,"column":31},"end":{"line":13,"column":32}},"loc":{"start":{"line":13,"column":46},"end":{"line":13,"column":80}},"line":13},"2":{"name":"(anonymous_2)","decl":{"start":{"line":15,"column":25},"end":{"line":15,"column":37}},"loc":{"start":{"line":15,"column":37},"end":{"line":43,"column":null}},"line":15},"3":{"name":"(anonymous_3)","decl":{"start":{"line":28,"column":22},"end":{"line":28,"column":31}},"loc":{"start":{"line":28,"column":31},"end":{"line":31,"column":8}},"line":28},"4":{"name":"(anonymous_4)","decl":{"start":{"line":59,"column":22},"end":{"line":59,"column":null}},"loc":{"start":{"line":60,"column":14},"end":{"line":76,"column":null}},"line":60},"5":{"name":"(anonymous_5)","decl":{"start":{"line":70,"column":37},"end":{"line":70,"column":43}},"loc":{"start":{"line":70,"column":43},"end":{"line":70,"column":87}},"line":70},"6":{"name":"(anonymous_6)","decl":{"start":{"line":72,"column":37},"end":{"line":72,"column":43}},"loc":{"start":{"line":72,"column":43},"end":{"line":72,"column":87}},"line":72},"7":{"name":"(anonymous_7)","decl":{"start":{"line":74,"column":35},"end":{"line":74,"column":41}},"loc":{"start":{"line":74,"column":41},"end":{"line":74,"column":66}},"line":74}},"branchMap":{"0":{"loc":{"start":{"line":16,"column":4},"end":{"line":20,"column":null}},"type":"if","locations":[{"start":{"line":16,"column":4},"end":{"line":20,"column":null}},{"start":{},"end":{}}],"line":16},"1":{"loc":{"start":{"line":21,"column":4},"end":{"line":24,"column":null}},"type":"if","locations":[{"start":{"line":21,"column":4},"end":{"line":24,"column":null}},{"start":{},"end":{}}],"line":21},"2":{"loc":{"start":{"line":48,"column":7},"end":{"line":84,"column":null}},"type":"cond-expr","locations":[{"start":{"line":49,"column":8},"end":{"line":52,"column":null}},{"start":{"line":54,"column":8},"end":{"line":84,"column":null}}],"line":48}},"s":{"0":1,"1":6,"2":6,"3":6,"4":6,"5":3,"6":6,"7":1,"8":1,"9":1,"10":1,"11":0,"12":0,"13":0,"14":0,"15":0,"16":0,"17":0,"18":0,"19":0,"20":0,"21":0,"22":0,"23":6,"24":3,"25":0,"26":0,"27":0},"f":{"0":6,"1":3,"2":1,"3":0,"4":3,"5":0,"6":0,"7":0},"b":{"0":[1,0],"1":[0,0],"2":[3,3]},"meta":{"lastBranch":3,"lastFunction":8,"lastStatement":28,"seen":{"s:8:23:88:Infinity":0,"f:8:23:8:29":0,"s:9:58:9:Infinity":1,"s:10:15:10:Infinity":2,"s:11:8:11:Infinity":3,"s:13:19:13:Infinity":4,"f:13:31:13:32":1,"s:13:46:13:80":5,"s:15:25:43:Infinity":6,"f:15:25:15:37":2,"b:16:4:20:Infinity:undefined:undefined:undefined:undefined":0,"s:16:4:20:Infinity":7,"s:17:6:17:Infinity":8,"s:18:6:18:Infinity":9,"s:19:6:19:Infinity":10,"b:21:4:24:Infinity:undefined:undefined:undefined:undefined":1,"s:21:4:24:Infinity":11,"s:22:6:22:Infinity":12,"s:23:6:23:Infinity":13,"s:26:22:32:Infinity":14,"f:28:22:28:31":3,"s:28:31:31:8":15,"s:34:4:42:Infinity":16,"s:35:6:35:Infinity":17,"s:36:6:36:Infinity":18,"s:37:6:37:Infinity":19,"s:38:6:38:Infinity":20,"s:40:6:40:Infinity":21,"s:41:6:41:Infinity":22,"s:45:2:86:Infinity":23,"b:49:8:52:Infinity:54:8:84:Infinity":2,"f:59:22:59:Infinity":4,"s:60:14:76:Infinity":24,"f:70:37:70:43":5,"s:70:43:70:87":25,"f:72:37:72:43":6,"s:72:43:72:87":26,"f:74:35:74:41":7,"s:74:41:74:66":27}}}
,"C:\\Users\\Felipe\\Desktop\\Programacao\\Muzyka\\muzyka-react\\src\\pages\\ProductDetails.tsx": {"path":"C:\\Users\\Felipe\\Desktop\\Programacao\\Muzyka\\muzyka-react\\src\\pages\\ProductDetails.tsx","statementMap":{"0":{"start":{"line":11,"column":15},"end":{"line":11,"column":null}},"1":{"start":{"line":12,"column":28},"end":{"line":12,"column":null}},"2":{"start":{"line":13,"column":20},"end":{"line":13,"column":null}},"3":{"start":{"line":15,"column":2},"end":{"line":24,"column":null}},"4":{"start":{"line":16,"column":4},"end":{"line":23,"column":null}},"5":{"start":{"line":17,"column":6},"end":{"line":22,"column":null}},"6":{"start":{"line":20,"column":10},"end":{"line":20,"column":null}},"7":{"start":{"line":21,"column":10},"end":{"line":21,"column":null}},"8":{"start":{"line":26,"column":2},"end":{"line":28,"column":null}},"9":{"start":{"line":27,"column":4},"end":{"line":27,"column":null}},"10":{"start":{"line":30,"column":2},"end":{"line":66,"column":null}},"11":{"start":{"line":59,"column":27},"end":{"line":59,"column":null}}},"fnMap":{"0":{"name":"ProductDetails","decl":{"start":{"line":10,"column":16},"end":{"line":10,"column":33}},"loc":{"start":{"line":10,"column":33},"end":{"line":68,"column":null}},"line":10},"1":{"name":"(anonymous_1)","decl":{"start":{"line":15,"column":12},"end":{"line":15,"column":18}},"loc":{"start":{"line":15,"column":18},"end":{"line":24,"column":5}},"line":15},"2":{"name":"(anonymous_2)","decl":{"start":{"line":19,"column":15},"end":{"line":19,"column":24}},"loc":{"start":{"line":19,"column":24},"end":{"line":22,"column":9}},"line":19},"3":{"name":"(anonymous_3)","decl":{"start":{"line":59,"column":21},"end":{"line":59,"column":27}},"loc":{"start":{"line":59,"column":27},"end":{"line":59,"column":null}},"line":59}},"branchMap":{"0":{"loc":{"start":{"line":16,"column":4},"end":{"line":23,"column":null}},"type":"if","locations":[{"start":{"line":16,"column":4},"end":{"line":23,"column":null}},{"start":{},"end":{}}],"line":16},"1":{"loc":{"start":{"line":26,"column":2},"end":{"line":28,"column":null}},"type":"if","locations":[{"start":{"line":26,"column":2},"end":{"line":28,"column":null}},{"start":{},"end":{}}],"line":26},"2":{"loc":{"start":{"line":48,"column":41},"end":{"line":48,"column":92}},"type":"cond-expr","locations":[{"start":{"line":48,"column":61},"end":{"line":48,"column":77}},{"start":{"line":48,"column":77},"end":{"line":48,"column":92}}],"line":48},"3":{"loc":{"start":{"line":62,"column":13},"end":{"line":62,"column":null}},"type":"cond-expr","locations":[{"start":{"line":62,"column":33},"end":{"line":62,"column":49}},{"start":{"line":62,"column":49},"end":{"line":62,"column":null}}],"line":62}},"s":{"0":3,"1":3,"2":3,"3":3,"4":1,"5":1,"6":0,"7":0,"8":3,"9":1,"10":2,"11":1},"f":{"0":3,"1":1,"2":0,"3":1},"b":{"0":[1,0],"1":[1,2],"2":[2,0],"3":[2,0]},"meta":{"lastBranch":4,"lastFunction":4,"lastStatement":12,"seen":{"f:10:16:10:33":0,"s:11:15:11:Infinity":0,"s:12:28:12:Infinity":1,"s:13:20:13:Infinity":2,"s:15:2:24:Infinity":3,"f:15:12:15:18":1,"b:16:4:23:Infinity:undefined:undefined:undefined:undefined":0,"s:16:4:23:Infinity":4,"s:17:6:22:Infinity":5,"f:19:15:19:24":2,"s:20:10:20:Infinity":6,"s:21:10:21:Infinity":7,"b:26:2:28:Infinity:undefined:undefined:undefined:undefined":1,"s:26:2:28:Infinity":8,"s:27:4:27:Infinity":9,"s:30:2:66:Infinity":10,"b:48:61:48:77:48:77:48:92":2,"f:59:21:59:27":3,"s:59:27:59:Infinity":11,"b:62:33:62:49:62:49:62:Infinity":3}}}
,"C:\\Users\\Felipe\\Desktop\\Programacao\\Muzyka\\muzyka-react\\src\\pages\\admin\\Dashboard.tsx": {"path":"C:\\Users\\Felipe\\Desktop\\Programacao\\Muzyka\\muzyka-react\\src\\pages\\admin\\Dashboard.tsx","statementMap":{"0":{"start":{"line":8,"column":26},"end":{"line":8,"column":null}},"1":{"start":{"line":9,"column":36},"end":{"line":9,"column":null}},"2":{"start":{"line":10,"column":38},"end":{"line":10,"column":null}},"3":{"start":{"line":11,"column":50},"end":{"line":11,"column":null}},"4":{"start":{"line":12,"column":44},"end":{"line":12,"column":null}},"5":{"start":{"line":14,"column":2},"end":{"line":25,"column":null}},"6":{"start":{"line":15,"column":24},"end":{"line":23,"column":null}},"7":{"start":{"line":16,"column":6},"end":{"line":22,"column":null}},"8":{"start":{"line":17,"column":21},"end":{"line":17,"column":null}},"9":{"start":{"line":18,"column":8},"end":{"line":18,"column":null}},"10":{"start":{"line":19,"column":8},"end":{"line":19,"column":null}},"11":{"start":{"line":21,"column":8},"end":{"line":21,"column":null}},"12":{"start":{"line":24,"column":4},"end":{"line":24,"column":null}},"13":{"start":{"line":27,"column":25},"end":{"line":67,"column":null}},"14":{"start":{"line":28,"column":16},"end":{"line":28,"column":null}},"15":{"start":{"line":29,"column":18},"end":{"line":29,"column":null}},"16":{"start":{"line":30,"column":18},"end":{"line":30,"column":null}},"17":{"start":{"line":32,"column":17},"end":{"line":32,"column":null}},"18":{"start":{"line":33,"column":17},"end":{"line":33,"column":null}},"19":{"start":{"line":34,"column":18},"end":{"line":34,"column":null}},"20":{"start":{"line":36,"column":89},"end":{"line":36,"column":null}},"21":{"start":{"line":38,"column":4},"end":{"line":57,"column":null}},"22":{"start":{"line":39,"column":24},"end":{"line":39,"column":null}},"23":{"start":{"line":40,"column":6},"end":{"line":42,"column":null}},"24":{"start":{"line":41,"column":8},"end":{"line":41,"column":null}},"25":{"start":{"line":43,"column":6},"end":{"line":45,"column":null}},"26":{"start":{"line":44,"column":8},"end":{"line":44,"column":null}},"27":{"start":{"line":46,"column":6},"end":{"line":48,"column":null}},"28":{"start":{"line":47,"column":8},"end":{"line":47,"column":null}},"29":{"start":{"line":50,"column":6},"end":{"line":56,"column":null}},"30":{"start":{"line":51,"column":8},"end":{"line":55,"column":null}},"31":{"start":{"line":52,"column":10},"end":{"line":52,"column":null}},"32":{"start":{"line":54,"column":10},"end":{"line":54,"column":null}},"33":{"start":{"line":59,"column":34},"end":{"line":61,"column":null}},"34":{"start":{"line":60,"column":22},"end":{"line":60,"column":39}},"35":{"start":{"line":63,"column":4},"end":{"line":63,"column":null}},"36":{"start":{"line":64,"column":4},"end":{"line":64,"column":null}},"37":{"start":{"line":65,"column":4},"end":{"line":65,"column":null}},"38":{"start":{"line":66,"column":4},"end":{"line":66,"column":null}},"39":{"start":{"line":69,"column":23},"end":{"line":71,"column":null}},"40":{"start":{"line":70,"column":20},"end":{"line":70,"column":85}},"41":{"start":{"line":73,"column":2},"end":{"line":171,"column":null}},"42":{"start":{"line":103,"column":16},"end":{"line":113,"column":null}},"43":{"start":{"line":124,"column":16},"end":{"line":127,"column":null}}},"fnMap":{"0":{"name":"DashboardPage","decl":{"start":{"line":7,"column":16},"end":{"line":7,"column":32}},"loc":{"start":{"line":7,"column":32},"end":{"line":173,"column":null}},"line":7},"1":{"name":"(anonymous_1)","decl":{"start":{"line":14,"column":12},"end":{"line":14,"column":18}},"loc":{"start":{"line":14,"column":18},"end":{"line":25,"column":5}},"line":14},"2":{"name":"(anonymous_2)","decl":{"start":{"line":15,"column":24},"end":{"line":15,"column":36}},"loc":{"start":{"line":15,"column":36},"end":{"line":23,"column":null}},"line":15},"3":{"name":"(anonymous_3)","decl":{"start":{"line":27,"column":25},"end":{"line":27,"column":26}},"loc":{"start":{"line":27,"column":54},"end":{"line":67,"column":null}},"line":27},"4":{"name":"(anonymous_4)","decl":{"start":{"line":38,"column":19},"end":{"line":38,"column":28}},"loc":{"start":{"line":38,"column":28},"end":{"line":57,"column":5}},"line":38},"5":{"name":"(anonymous_5)","decl":{"start":{"line":50,"column":26},"end":{"line":50,"column":34}},"loc":{"start":{"line":50,"column":34},"end":{"line":56,"column":7}},"line":50},"6":{"name":"(anonymous_6)","decl":{"start":{"line":60,"column":12},"end":{"line":60,"column":13}},"loc":{"start":{"line":60,"column":22},"end":{"line":60,"column":39}},"line":60},"7":{"name":"(anonymous_7)","decl":{"start":{"line":70,"column":10},"end":{"line":70,"column":11}},"loc":{"start":{"line":70,"column":20},"end":{"line":70,"column":85}},"line":70},"8":{"name":"(anonymous_8)","decl":{"start":{"line":102,"column":32},"end":{"line":102,"column":null}},"loc":{"start":{"line":103,"column":16},"end":{"line":113,"column":null}},"line":103},"9":{"name":"(anonymous_9)","decl":{"start":{"line":123,"column":35},"end":{"line":123,"column":36}},"loc":{"start":{"line":124,"column":16},"end":{"line":127,"column":null}},"line":124}},"branchMap":{"0":{"loc":{"start":{"line":40,"column":6},"end":{"line":42,"column":null}},"type":"if","locations":[{"start":{"line":40,"column":6},"end":{"line":42,"column":null}},{"start":{},"end":{}}],"line":40},"1":{"loc":{"start":{"line":43,"column":6},"end":{"line":45,"column":null}},"type":"if","locations":[{"start":{"line":43,"column":6},"end":{"line":45,"column":null}},{"start":{},"end":{}}],"line":43},"2":{"loc":{"start":{"line":46,"column":6},"end":{"line":48,"column":null}},"type":"if","locations":[{"start":{"line":46,"column":6},"end":{"line":48,"column":null}},{"start":{},"end":{}}],"line":46},"3":{"loc":{"start":{"line":51,"column":8},"end":{"line":55,"column":null}},"type":"if","locations":[{"start":{"line":51,"column":8},"end":{"line":55,"column":null}},{"start":{"line":53,"column":15},"end":{"line":55,"column":null}}],"line":51}},"s":{"0":8,"1":8,"2":8,"3":8,"4":8,"5":8,"6":5,"7":5,"8":5,"9":5,"10":5,"11":0,"12":5,"13":8,"14":5,"15":5,"16":5,"17":5,"18":5,"19":5,"20":5,"21":5,"22":10,"23":10,"24":0,"25":10,"26":0,"27":10,"28":5,"29":10,"30":10,"31":0,"32":10,"33":5,"34":5,"35":5,"36":5,"37":5,"38":5,"39":8,"40":3,"41":8,"42":6,"43":6},"f":{"0":8,"1":5,"2":5,"3":5,"4":10,"5":10,"6":5,"7":3,"8":6,"9":6},"b":{"0":[0,10],"1":[0,10],"2":[5,5],"3":[0,10]},"meta":{"lastBranch":4,"lastFunction":10,"lastStatement":44,"seen":{"f:7:16:7:32":0,"s:8:26:8:Infinity":0,"s:9:36:9:Infinity":1,"s:10:38:10:Infinity":2,"s:11:50:11:Infinity":3,"s:12:44:12:Infinity":4,"s:14:2:25:Infinity":5,"f:14:12:14:18":1,"s:15:24:23:Infinity":6,"f:15:24:15:36":2,"s:16:6:22:Infinity":7,"s:17:21:17:Infinity":8,"s:18:8:18:Infinity":9,"s:19:8:19:Infinity":10,"s:21:8:21:Infinity":11,"s:24:4:24:Infinity":12,"s:27:25:67:Infinity":13,"f:27:25:27:26":3,"s:28:16:28:Infinity":14,"s:29:18:29:Infinity":15,"s:30:18:30:Infinity":16,"s:32:17:32:Infinity":17,"s:33:17:33:Infinity":18,"s:34:18:34:Infinity":19,"s:36:89:36:Infinity":20,"s:38:4:57:Infinity":21,"f:38:19:38:28":4,"s:39:24:39:Infinity":22,"b:40:6:42:Infinity:undefined:undefined:undefined:undefined":0,"s:40:6:42:Infinity":23,"s:41:8:41:Infinity":24,"b:43:6:45:Infinity:undefined:undefined:undefined:undefined":1,"s:43:6:45:Infinity":25,"s:44:8:44:Infinity":26,"b:46:6:48:Infinity:undefined:undefined:undefined:undefined":2,"s:46:6:48:Infinity":27,"s:47:8:47:Infinity":28,"s:50:6:56:Infinity":29,"f:50:26:50:34":5,"b:51:8:55:Infinity:53:15:55:Infinity":3,"s:51:8:55:Infinity":30,"s:52:10:52:Infinity":31,"s:54:10:54:Infinity":32,"s:59:34:61:Infinity":33,"f:60:12:60:13":6,"s:60:22:60:39":34,"s:63:4:63:Infinity":35,"s:64:4:64:Infinity":36,"s:65:4:65:Infinity":37,"s:66:4:66:Infinity":38,"s:69:23:71:Infinity":39,"f:70:10:70:11":7,"s:70:20:70:85":40,"s:73:2:171:Infinity":41,"f:102:32:102:Infinity":8,"s:103:16:113:Infinity":42,"f:123:35:123:36":9,"s:124:16:127:Infinity":43}}}
,"C:\\Users\\Felipe\\Desktop\\Programacao\\Muzyka\\muzyka-react\\src\\pages\\admin\\Orders.tsx": {"path":"C:\\Users\\Felipe\\Desktop\\Programacao\\Muzyka\\muzyka-react\\src\\pages\\admin\\Orders.tsx","statementMap":{"0":{"start":{"line":7,"column":26},"end":{"line":7,"column":null}},"1":{"start":{"line":8,"column":38},"end":{"line":8,"column":null}},"2":{"start":{"line":10,"column":2},"end":{"line":20,"column":null}},"3":{"start":{"line":11,"column":24},"end":{"line":18,"column":null}},"4":{"start":{"line":12,"column":6},"end":{"line":17,"column":null}},"5":{"start":{"line":13,"column":21},"end":{"line":13,"column":null}},"6":{"start":{"line":14,"column":8},"end":{"line":14,"column":null}},"7":{"start":{"line":16,"column":8},"end":{"line":16,"column":null}},"8":{"start":{"line":19,"column":4},"end":{"line":19,"column":null}},"9":{"start":{"line":22,"column":29},"end":{"line":35,"column":null}},"10":{"start":{"line":23,"column":4},"end":{"line":34,"column":null}},"11":{"start":{"line":24,"column":6},"end":{"line":33,"column":null}},"12":{"start":{"line":25,"column":29},"end":{"line":25,"column":null}},"13":{"start":{"line":26,"column":8},"end":{"line":28,"column":null}},"14":{"start":{"line":27,"column":10},"end":{"line":27,"column":null}},"15":{"start":{"line":27,"column":31},"end":{"line":27,"column":75}},"16":{"start":{"line":29,"column":8},"end":{"line":29,"column":null}},"17":{"start":{"line":31,"column":8},"end":{"line":31,"column":null}},"18":{"start":{"line":32,"column":8},"end":{"line":32,"column":null}},"19":{"start":{"line":37,"column":2},"end":{"line":98,"column":null}},"20":{"start":{"line":44,"column":29},"end":{"line":44,"column":null}},"21":{"start":{"line":69,"column":31},"end":{"line":69,"column":86}},"22":{"start":{"line":71,"column":16},"end":{"line":93,"column":null}},"23":{"start":{"line":86,"column":41},"end":{"line":86,"column":null}}},"fnMap":{"0":{"name":"OrdersPage","decl":{"start":{"line":6,"column":16},"end":{"line":6,"column":29}},"loc":{"start":{"line":6,"column":29},"end":{"line":100,"column":null}},"line":6},"1":{"name":"(anonymous_1)","decl":{"start":{"line":10,"column":12},"end":{"line":10,"column":18}},"loc":{"start":{"line":10,"column":18},"end":{"line":20,"column":5}},"line":10},"2":{"name":"(anonymous_2)","decl":{"start":{"line":11,"column":24},"end":{"line":11,"column":36}},"loc":{"start":{"line":11,"column":36},"end":{"line":18,"column":null}},"line":11},"3":{"name":"(anonymous_3)","decl":{"start":{"line":22,"column":29},"end":{"line":22,"column":36}},"loc":{"start":{"line":22,"column":106},"end":{"line":35,"column":null}},"line":22},"4":{"name":"(anonymous_4)","decl":{"start":{"line":26,"column":18},"end":{"line":26,"column":null}},"loc":{"start":{"line":27,"column":10},"end":{"line":27,"column":null}},"line":27},"5":{"name":"(anonymous_5)","decl":{"start":{"line":27,"column":25},"end":{"line":27,"column":31}},"loc":{"start":{"line":27,"column":31},"end":{"line":27,"column":75}},"line":27},"6":{"name":"(anonymous_6)","decl":{"start":{"line":44,"column":22},"end":{"line":44,"column":23}},"loc":{"start":{"line":44,"column":29},"end":{"line":44,"column":null}},"line":44},"7":{"name":"(anonymous_7)","decl":{"start":{"line":69,"column":22},"end":{"line":69,"column":31}},"loc":{"start":{"line":69,"column":31},"end":{"line":69,"column":86}},"line":69},"8":{"name":"(anonymous_8)","decl":{"start":{"line":70,"column":19},"end":{"line":70,"column":null}},"loc":{"start":{"line":71,"column":16},"end":{"line":93,"column":null}},"line":71},"9":{"name":"(anonymous_9)","decl":{"start":{"line":86,"column":35},"end":{"line":86,"column":41}},"loc":{"start":{"line":86,"column":41},"end":{"line":86,"column":null}},"line":86}},"branchMap":{"0":{"loc":{"start":{"line":23,"column":4},"end":{"line":34,"column":null}},"type":"if","locations":[{"start":{"line":23,"column":4},"end":{"line":34,"column":null}},{"start":{},"end":{}}],"line":23},"1":{"loc":{"start":{"line":27,"column":31},"end":{"line":27,"column":75}},"type":"cond-expr","locations":[{"start":{"line":27,"column":58},"end":{"line":27,"column":73}},{"start":{"line":27,"column":73},"end":{"line":27,"column":75}}],"line":27},"2":{"loc":{"start":{"line":69,"column":31},"end":{"line":69,"column":86}},"type":"binary-expr","locations":[{"start":{"line":69,"column":31},"end":{"line":69,"column":57}},{"start":{"line":69,"column":57},"end":{"line":69,"column":86}}],"line":69},"3":{"loc":{"start":{"line":83,"column":23},"end":{"line":89,"column":null}},"type":"binary-expr","locations":[{"start":{"line":83,"column":23},"end":{"line":83,"column":null}},{"start":{"line":84,"column":24},"end":{"line":89,"column":null}}],"line":83}},"s":{"0":7,"1":7,"2":7,"3":3,"4":3,"5":3,"6":3,"7":0,"8":3,"9":7,"10":0,"11":0,"12":0,"13":0,"14":0,"15":0,"16":0,"17":0,"18":0,"19":7,"20":1,"21":8,"22":7,"23":0},"f":{"0":7,"1":3,"2":3,"3":0,"4":0,"5":0,"6":1,"7":8,"8":7,"9":0},"b":{"0":[0,0],"1":[0,0],"2":[8,2],"3":[7,4]},"meta":{"lastBranch":4,"lastFunction":10,"lastStatement":24,"seen":{"f:6:16:6:29":0,"s:7:26:7:Infinity":0,"s:8:38:8:Infinity":1,"s:10:2:20:Infinity":2,"f:10:12:10:18":1,"s:11:24:18:Infinity":3,"f:11:24:11:36":2,"s:12:6:17:Infinity":4,"s:13:21:13:Infinity":5,"s:14:8:14:Infinity":6,"s:16:8:16:Infinity":7,"s:19:4:19:Infinity":8,"s:22:29:35:Infinity":9,"f:22:29:22:36":3,"b:23:4:34:Infinity:undefined:undefined:undefined:undefined":0,"s:23:4:34:Infinity":10,"s:24:6:33:Infinity":11,"s:25:29:25:Infinity":12,"s:26:8:28:Infinity":13,"f:26:18:26:Infinity":4,"s:27:10:27:Infinity":14,"f:27:25:27:31":5,"s:27:31:27:75":15,"b:27:58:27:73:27:73:27:75":1,"s:29:8:29:Infinity":16,"s:31:8:31:Infinity":17,"s:32:8:32:Infinity":18,"s:37:2:98:Infinity":19,"f:44:22:44:23":6,"s:44:29:44:Infinity":20,"f:69:22:69:31":7,"s:69:31:69:86":21,"b:69:31:69:57:69:57:69:86":2,"f:70:19:70:Infinity":8,"s:71:16:93:Infinity":22,"b:83:23:83:Infinity:84:24:89:Infinity":3,"f:86:35:86:41":9,"s:86:41:86:Infinity":23}}}
,"C:\\Users\\Felipe\\Desktop\\Programacao\\Muzyka\\muzyka-react\\src\\pages\\admin\\Profile.tsx": {"path":"C:\\Users\\Felipe\\Desktop\\Programacao\\Muzyka\\muzyka-react\\src\\pages\\admin\\Profile.tsx","statementMap":{"0":{"start":{"line":14,"column":16},"end":{"line":21,"column":null}},"1":{"start":{"line":23,"column":32},"end":{"line":23,"column":null}},"2":{"start":{"line":25,"column":2},"end":{"line":106,"column":null}},"3":{"start":{"line":32,"column":31},"end":{"line":32,"column":null}}},"fnMap":{"0":{"name":"AdminProfilePage","decl":{"start":{"line":13,"column":16},"end":{"line":13,"column":35}},"loc":{"start":{"line":13,"column":35},"end":{"line":108,"column":null}},"line":13},"1":{"name":"(anonymous_1)","decl":{"start":{"line":32,"column":25},"end":{"line":32,"column":31}},"loc":{"start":{"line":32,"column":31},"end":{"line":32,"column":null}},"line":32}},"branchMap":{"0":{"loc":{"start":{"line":34,"column":37},"end":{"line":34,"column":70}},"type":"cond-expr","locations":[{"start":{"line":34,"column":49},"end":{"line":34,"column":61}},{"start":{"line":34,"column":61},"end":{"line":34,"column":70}}],"line":34},"1":{"loc":{"start":{"line":35,"column":17},"end":{"line":35,"column":null}},"type":"cond-expr","locations":[{"start":{"line":35,"column":29},"end":{"line":35,"column":47}},{"start":{"line":35,"column":47},"end":{"line":35,"column":null}}],"line":35},"2":{"loc":{"start":{"line":44,"column":17},"end":{"line":47,"column":null}},"type":"binary-expr","locations":[{"start":{"line":44,"column":17},"end":{"line":44,"column":null}},{"start":{"line":45,"column":18},"end":{"line":47,"column":null}}],"line":44},"3":{"loc":{"start":{"line":59,"column":17},"end":{"line":67,"column":null}},"type":"cond-expr","locations":[{"start":{"line":60,"column":18},"end":{"line":65,"column":null}},{"start":{"line":67,"column":18},"end":{"line":67,"column":null}}],"line":59},"4":{"loc":{"start":{"line":73,"column":17},"end":{"line":81,"column":null}},"type":"cond-expr","locations":[{"start":{"line":74,"column":18},"end":{"line":79,"column":null}},{"start":{"line":81,"column":18},"end":{"line":81,"column":null}}],"line":73}},"s":{"0":5,"1":5,"2":5,"3":1},"f":{"0":5,"1":1},"b":{"0":[1,4],"1":[1,4],"2":[5,1],"3":[1,4],"4":[1,4]},"meta":{"lastBranch":5,"lastFunction":2,"lastStatement":4,"seen":{"f:13:16:13:35":0,"s:14:16:21:Infinity":0,"s:23:32:23:Infinity":1,"s:25:2:106:Infinity":2,"f:32:25:32:31":1,"s:32:31:32:Infinity":3,"b:34:49:34:61:34:61:34:70":0,"b:35:29:35:47:35:47:35:Infinity":1,"b:44:17:44:Infinity:45:18:47:Infinity":2,"b:60:18:65:Infinity:67:18:67:Infinity":3,"b:74:18:79:Infinity:81:18:81:Infinity":4}}}
,"C:\\Users\\Felipe\\Desktop\\Programacao\\Muzyka\\muzyka-react\\src\\pages\\admin\\Reports.tsx": {"path":"C:\\Users\\Felipe\\Desktop\\Programacao\\Muzyka\\muzyka-react\\src\\pages\\admin\\Reports.tsx","statementMap":{"0":{"start":{"line":21,"column":32},"end":{"line":21,"column":null}},"1":{"start":{"line":22,"column":32},"end":{"line":22,"column":null}},"2":{"start":{"line":23,"column":36},"end":{"line":23,"column":null}},"3":{"start":{"line":25,"column":2},"end":{"line":84,"column":null}},"4":{"start":{"line":26,"column":43},"end":{"line":81,"column":null}},"5":{"start":{"line":27,"column":6},"end":{"line":80,"column":null}},"6":{"start":{"line":28,"column":40},"end":{"line":28,"column":null}},"7":{"start":{"line":31,"column":90},"end":{"line":31,"column":null}},"8":{"start":{"line":33,"column":8},"end":{"line":43,"column":null}},"9":{"start":{"line":34,"column":28},"end":{"line":34,"column":null}},"10":{"start":{"line":35,"column":24},"end":{"line":35,"column":null}},"11":{"start":{"line":37,"column":10},"end":{"line":39,"column":null}},"12":{"start":{"line":38,"column":12},"end":{"line":38,"column":null}},"13":{"start":{"line":41,"column":10},"end":{"line":41,"column":null}},"14":{"start":{"line":42,"column":10},"end":{"line":42,"column":null}},"15":{"start":{"line":45,"column":31},"end":{"line":50,"column":null}},"16":{"start":{"line":45,"column":71},"end":{"line":50,"column":10}},"17":{"start":{"line":52,"column":8},"end":{"line":52,"column":null}},"18":{"start":{"line":55,"column":110},"end":{"line":55,"column":null}},"19":{"start":{"line":56,"column":8},"end":{"line":70,"column":null}},"20":{"start":{"line":57,"column":10},"end":{"line":69,"column":null}},"21":{"start":{"line":58,"column":12},"end":{"line":68,"column":null}},"22":{"start":{"line":59,"column":14},"end":{"line":59,"column":null}},"23":{"start":{"line":60,"column":14},"end":{"line":60,"column":null}},"24":{"start":{"line":62,"column":14},"end":{"line":67,"column":null}},"25":{"start":{"line":72,"column":34},"end":{"line":74,"column":null}},"26":{"start":{"line":73,"column":26},"end":{"line":73,"column":43}},"27":{"start":{"line":76,"column":8},"end":{"line":76,"column":null}},"28":{"start":{"line":79,"column":8},"end":{"line":79,"column":null}},"29":{"start":{"line":83,"column":4},"end":{"line":83,"column":null}},"30":{"start":{"line":86,"column":29},"end":{"line":115,"column":null}},"31":{"start":{"line":88,"column":21},"end":{"line":88,"column":null}},"32":{"start":{"line":91,"column":4},"end":{"line":91,"column":null}},"33":{"start":{"line":92,"column":4},"end":{"line":92,"column":null}},"34":{"start":{"line":94,"column":4},"end":{"line":96,"column":null}},"35":{"start":{"line":95,"column":6},"end":{"line":95,"column":null}},"36":{"start":{"line":98,"column":4},"end":{"line":98,"column":null}},"37":{"start":{"line":99,"column":4},"end":{"line":99,"column":null}},"38":{"start":{"line":101,"column":4},"end":{"line":103,"column":null}},"39":{"start":{"line":102,"column":6},"end":{"line":102,"column":null}},"40":{"start":{"line":106,"column":23},"end":{"line":106,"column":null}},"41":{"start":{"line":107,"column":17},"end":{"line":107,"column":null}},"42":{"start":{"line":108,"column":4},"end":{"line":108,"column":null}},"43":{"start":{"line":109,"column":4},"end":{"line":109,"column":null}},"44":{"start":{"line":110,"column":4},"end":{"line":110,"column":null}},"45":{"start":{"line":112,"column":4},"end":{"line":112,"column":null}},"46":{"start":{"line":114,"column":4},"end":{"line":114,"column":null}},"47":{"start":{"line":117,"column":2},"end":{"line":190,"column":null}},"48":{"start":{"line":124,"column":33},"end":{"line":124,"column":null}},"49":{"start":{"line":144,"column":18},"end":{"line":160,"column":null}},"50":{"start":{"line":179,"column":22},"end":{"line":183,"column":null}}},"fnMap":{"0":{"name":"ReportsPage","decl":{"start":{"line":20,"column":16},"end":{"line":20,"column":30}},"loc":{"start":{"line":20,"column":30},"end":{"line":192,"column":null}},"line":20},"1":{"name":"(anonymous_1)","decl":{"start":{"line":25,"column":12},"end":{"line":25,"column":18}},"loc":{"start":{"line":25,"column":18},"end":{"line":84,"column":5}},"line":25},"2":{"name":"(anonymous_2)","decl":{"start":{"line":26,"column":43},"end":{"line":26,"column":55}},"loc":{"start":{"line":26,"column":55},"end":{"line":81,"column":null}},"line":26},"3":{"name":"(anonymous_3)","decl":{"start":{"line":33,"column":23},"end":{"line":33,"column":32}},"loc":{"start":{"line":33,"column":32},"end":{"line":43,"column":9}},"line":33},"4":{"name":"(anonymous_4)","decl":{"start":{"line":45,"column":61},"end":{"line":45,"column":71}},"loc":{"start":{"line":45,"column":71},"end":{"line":50,"column":10}},"line":45},"5":{"name":"(anonymous_5)","decl":{"start":{"line":56,"column":23},"end":{"line":56,"column":32}},"loc":{"start":{"line":56,"column":32},"end":{"line":70,"column":9}},"line":56},"6":{"name":"(anonymous_6)","decl":{"start":{"line":57,"column":30},"end":{"line":57,"column":38}},"loc":{"start":{"line":57,"column":38},"end":{"line":69,"column":11}},"line":57},"7":{"name":"(anonymous_7)","decl":{"start":{"line":73,"column":16},"end":{"line":73,"column":17}},"loc":{"start":{"line":73,"column":26},"end":{"line":73,"column":43}},"line":73},"8":{"name":"(anonymous_8)","decl":{"start":{"line":86,"column":29},"end":{"line":86,"column":35}},"loc":{"start":{"line":86,"column":35},"end":{"line":115,"column":null}},"line":86},"9":{"name":"(anonymous_9)","decl":{"start":{"line":94,"column":22},"end":{"line":94,"column":30}},"loc":{"start":{"line":94,"column":30},"end":{"line":96,"column":5}},"line":94},"10":{"name":"(anonymous_10)","decl":{"start":{"line":101,"column":24},"end":{"line":101,"column":35}},"loc":{"start":{"line":101,"column":35},"end":{"line":103,"column":5}},"line":101},"11":{"name":"(anonymous_11)","decl":{"start":{"line":124,"column":26},"end":{"line":124,"column":27}},"loc":{"start":{"line":124,"column":33},"end":{"line":124,"column":null}},"line":124},"12":{"name":"(anonymous_12)","decl":{"start":{"line":143,"column":31},"end":{"line":143,"column":32}},"loc":{"start":{"line":144,"column":18},"end":{"line":160,"column":null}},"line":144},"13":{"name":"(anonymous_13)","decl":{"start":{"line":178,"column":37},"end":{"line":178,"column":null}},"loc":{"start":{"line":179,"column":22},"end":{"line":183,"column":null}},"line":179}},"branchMap":{"0":{"loc":{"start":{"line":37,"column":10},"end":{"line":39,"column":null}},"type":"if","locations":[{"start":{"line":37,"column":10},"end":{"line":39,"column":null}},{"start":{},"end":{}}],"line":37},"1":{"loc":{"start":{"line":58,"column":12},"end":{"line":68,"column":null}},"type":"if","locations":[{"start":{"line":58,"column":12},"end":{"line":68,"column":null}},{"start":{"line":61,"column":19},"end":{"line":68,"column":null}}],"line":58}},"s":{"0":6,"1":6,"2":6,"3":6,"4":4,"5":4,"6":4,"7":4,"8":4,"9":4,"10":4,"11":4,"12":4,"13":4,"14":4,"15":4,"16":4,"17":4,"18":4,"19":4,"20":4,"21":4,"22":0,"23":0,"24":4,"25":4,"26":0,"27":4,"28":0,"29":4,"30":6,"31":1,"32":1,"33":1,"34":1,"35":0,"36":1,"37":1,"38":1,"39":0,"40":1,"41":1,"42":1,"43":1,"44":1,"45":1,"46":1,"47":6,"48":1,"49":1,"50":1},"f":{"0":6,"1":4,"2":4,"3":4,"4":4,"5":4,"6":4,"7":0,"8":1,"9":0,"10":0,"11":1,"12":1,"13":1},"b":{"0":[4,0],"1":[0,4]},"meta":{"lastBranch":2,"lastFunction":14,"lastStatement":51,"seen":{"f:20:16:20:30":0,"s:21:32:21:Infinity":0,"s:22:32:22:Infinity":1,"s:23:36:23:Infinity":2,"s:25:2:84:Infinity":3,"f:25:12:25:18":1,"s:26:43:81:Infinity":4,"f:26:43:26:55":2,"s:27:6:80:Infinity":5,"s:28:40:28:Infinity":6,"s:31:90:31:Infinity":7,"s:33:8:43:Infinity":8,"f:33:23:33:32":3,"s:34:28:34:Infinity":9,"s:35:24:35:Infinity":10,"b:37:10:39:Infinity:undefined:undefined:undefined:undefined":0,"s:37:10:39:Infinity":11,"s:38:12:38:Infinity":12,"s:41:10:41:Infinity":13,"s:42:10:42:Infinity":14,"s:45:31:50:Infinity":15,"f:45:61:45:71":4,"s:45:71:50:10":16,"s:52:8:52:Infinity":17,"s:55:110:55:Infinity":18,"s:56:8:70:Infinity":19,"f:56:23:56:32":5,"s:57:10:69:Infinity":20,"f:57:30:57:38":6,"b:58:12:68:Infinity:61:19:68:Infinity":1,"s:58:12:68:Infinity":21,"s:59:14:59:Infinity":22,"s:60:14:60:Infinity":23,"s:62:14:67:Infinity":24,"s:72:34:74:Infinity":25,"f:73:16:73:17":7,"s:73:26:73:43":26,"s:76:8:76:Infinity":27,"s:79:8:79:Infinity":28,"s:83:4:83:Infinity":29,"s:86:29:115:Infinity":30,"f:86:29:86:35":8,"s:88:21:88:Infinity":31,"s:91:4:91:Infinity":32,"s:92:4:92:Infinity":33,"s:94:4:96:Infinity":34,"f:94:22:94:30":9,"s:95:6:95:Infinity":35,"s:98:4:98:Infinity":36,"s:99:4:99:Infinity":37,"s:101:4:103:Infinity":38,"f:101:24:101:35":10,"s:102:6:102:Infinity":39,"s:106:23:106:Infinity":40,"s:107:17:107:Infinity":41,"s:108:4:108:Infinity":42,"s:109:4:109:Infinity":43,"s:110:4:110:Infinity":44,"s:112:4:112:Infinity":45,"s:114:4:114:Infinity":46,"s:117:2:190:Infinity":47,"f:124:26:124:27":11,"s:124:33:124:Infinity":48,"f:143:31:143:32":12,"s:144:18:160:Infinity":49,"f:178:37:178:Infinity":13,"s:179:22:183:Infinity":50}}}
,"C:\\Users\\Felipe\\Desktop\\Programacao\\Muzyka\\muzyka-react\\src\\pages\\admin\\Users.tsx": {"path":"C:\\Users\\Felipe\\Desktop\\Programacao\\Muzyka\\muzyka-react\\src\\pages\\admin\\Users.tsx","statementMap":{"0":{"start":{"line":8,"column":24},"end":{"line":8,"column":null}},"1":{"start":{"line":9,"column":34},"end":{"line":9,"column":null}},"2":{"start":{"line":10,"column":38},"end":{"line":10,"column":null}},"3":{"start":{"line":11,"column":36},"end":{"line":11,"column":null}},"4":{"start":{"line":13,"column":2},"end":{"line":15,"column":null}},"5":{"start":{"line":14,"column":4},"end":{"line":14,"column":null}},"6":{"start":{"line":17,"column":21},"end":{"line":25,"column":null}},"7":{"start":{"line":18,"column":4},"end":{"line":24,"column":null}},"8":{"start":{"line":19,"column":27},"end":{"line":19,"column":null}},"9":{"start":{"line":20,"column":6},"end":{"line":20,"column":null}},"10":{"start":{"line":22,"column":6},"end":{"line":22,"column":null}},"11":{"start":{"line":23,"column":6},"end":{"line":23,"column":null}},"12":{"start":{"line":27,"column":27},"end":{"line":45,"column":null}},"13":{"start":{"line":28,"column":4},"end":{"line":44,"column":null}},"14":{"start":{"line":29,"column":6},"end":{"line":39,"column":null}},"15":{"start":{"line":31,"column":24},"end":{"line":31,"column":null}},"16":{"start":{"line":32,"column":8},"end":{"line":34,"column":null}},"17":{"start":{"line":33,"column":10},"end":{"line":33,"column":null}},"18":{"start":{"line":33,"column":32},"end":{"line":33,"column":66}},"19":{"start":{"line":37,"column":31},"end":{"line":37,"column":null}},"20":{"start":{"line":38,"column":8},"end":{"line":38,"column":null}},"21":{"start":{"line":38,"column":32},"end":{"line":38,"column":62}},"22":{"start":{"line":40,"column":6},"end":{"line":40,"column":null}},"23":{"start":{"line":41,"column":6},"end":{"line":41,"column":null}},"24":{"start":{"line":43,"column":6},"end":{"line":43,"column":null}},"25":{"start":{"line":47,"column":27},"end":{"line":50,"column":null}},"26":{"start":{"line":48,"column":4},"end":{"line":48,"column":null}},"27":{"start":{"line":49,"column":4},"end":{"line":49,"column":null}},"28":{"start":{"line":52,"column":26},"end":{"line":55,"column":null}},"29":{"start":{"line":53,"column":4},"end":{"line":53,"column":null}},"30":{"start":{"line":54,"column":4},"end":{"line":54,"column":null}},"31":{"start":{"line":57,"column":27},"end":{"line":66,"column":null}},"32":{"start":{"line":58,"column":4},"end":{"line":65,"column":null}},"33":{"start":{"line":59,"column":6},"end":{"line":64,"column":null}},"34":{"start":{"line":60,"column":8},"end":{"line":60,"column":null}},"35":{"start":{"line":61,"column":8},"end":{"line":61,"column":null}},"36":{"start":{"line":61,"column":32},"end":{"line":61,"column":72}},"37":{"start":{"line":61,"column":56},"end":{"line":61,"column":71}},"38":{"start":{"line":63,"column":8},"end":{"line":63,"column":null}},"39":{"start":{"line":68,"column":2},"end":{"line":157,"column":null}},"40":{"start":{"line":79,"column":35},"end":{"line":79,"column":null}},"41":{"start":{"line":86,"column":18},"end":{"line":86,"column":null}},"42":{"start":{"line":87,"column":18},"end":{"line":87,"column":null}},"43":{"start":{"line":119,"column":26},"end":{"line":121,"column":null}},"44":{"start":{"line":124,"column":20},"end":{"line":152,"column":null}},"45":{"start":{"line":141,"column":80},"end":{"line":141,"column":null}},"46":{"start":{"line":146,"column":43},"end":{"line":146,"column":null}}},"fnMap":{"0":{"name":"UsersPage","decl":{"start":{"line":7,"column":16},"end":{"line":7,"column":28}},"loc":{"start":{"line":7,"column":28},"end":{"line":159,"column":null}},"line":7},"1":{"name":"(anonymous_1)","decl":{"start":{"line":13,"column":12},"end":{"line":13,"column":18}},"loc":{"start":{"line":13,"column":18},"end":{"line":15,"column":5}},"line":13},"2":{"name":"(anonymous_2)","decl":{"start":{"line":17,"column":21},"end":{"line":17,"column":33}},"loc":{"start":{"line":17,"column":33},"end":{"line":25,"column":null}},"line":17},"3":{"name":"(anonymous_3)","decl":{"start":{"line":27,"column":27},"end":{"line":27,"column":34}},"loc":{"start":{"line":27,"column":53},"end":{"line":45,"column":null}},"line":27},"4":{"name":"(anonymous_4)","decl":{"start":{"line":32,"column":17},"end":{"line":32,"column":18}},"loc":{"start":{"line":33,"column":10},"end":{"line":33,"column":null}},"line":33},"5":{"name":"(anonymous_5)","decl":{"start":{"line":33,"column":24},"end":{"line":33,"column":25}},"loc":{"start":{"line":33,"column":32},"end":{"line":33,"column":66}},"line":33},"6":{"name":"(anonymous_6)","decl":{"start":{"line":38,"column":17},"end":{"line":38,"column":18}},"loc":{"start":{"line":38,"column":32},"end":{"line":38,"column":62}},"line":38},"7":{"name":"(anonymous_7)","decl":{"start":{"line":47,"column":27},"end":{"line":47,"column":33}},"loc":{"start":{"line":47,"column":33},"end":{"line":50,"column":null}},"line":47},"8":{"name":"(anonymous_8)","decl":{"start":{"line":52,"column":26},"end":{"line":52,"column":27}},"loc":{"start":{"line":52,"column":42},"end":{"line":55,"column":null}},"line":52},"9":{"name":"(anonymous_9)","decl":{"start":{"line":57,"column":27},"end":{"line":57,"column":34}},"loc":{"start":{"line":57,"column":53},"end":{"line":66,"column":null}},"line":57},"10":{"name":"(anonymous_10)","decl":{"start":{"line":61,"column":17},"end":{"line":61,"column":18}},"loc":{"start":{"line":61,"column":32},"end":{"line":61,"column":72}},"line":61},"11":{"name":"(anonymous_11)","decl":{"start":{"line":61,"column":49},"end":{"line":61,"column":50}},"loc":{"start":{"line":61,"column":56},"end":{"line":61,"column":71}},"line":61},"12":{"name":"(anonymous_12)","decl":{"start":{"line":79,"column":28},"end":{"line":79,"column":29}},"loc":{"start":{"line":79,"column":35},"end":{"line":79,"column":null}},"line":79},"13":{"name":"(anonymous_13)","decl":{"start":{"line":85,"column":25},"end":{"line":85,"column":31}},"loc":{"start":{"line":85,"column":31},"end":{"line":88,"column":null}},"line":85},"14":{"name":"(anonymous_14)","decl":{"start":{"line":119,"column":26},"end":{"line":119,"column":null}},"loc":{"start":{"line":119,"column":26},"end":{"line":121,"column":null}},"line":119},"15":{"name":"(anonymous_15)","decl":{"start":{"line":123,"column":23},"end":{"line":123,"column":24}},"loc":{"start":{"line":124,"column":20},"end":{"line":152,"column":null}},"line":124},"16":{"name":"(anonymous_16)","decl":{"start":{"line":141,"column":74},"end":{"line":141,"column":80}},"loc":{"start":{"line":141,"column":80},"end":{"line":141,"column":null}},"line":141},"17":{"name":"(anonymous_17)","decl":{"start":{"line":146,"column":37},"end":{"line":146,"column":43}},"loc":{"start":{"line":146,"column":43},"end":{"line":146,"column":null}},"line":146}},"branchMap":{"0":{"loc":{"start":{"line":29,"column":6},"end":{"line":39,"column":null}},"type":"if","locations":[{"start":{"line":29,"column":6},"end":{"line":39,"column":null}},{"start":{"line":35,"column":13},"end":{"line":39,"column":null}}],"line":29},"1":{"loc":{"start":{"line":33,"column":32},"end":{"line":33,"column":66}},"type":"cond-expr","locations":[{"start":{"line":33,"column":54},"end":{"line":33,"column":64}},{"start":{"line":33,"column":64},"end":{"line":33,"column":66}}],"line":33},"2":{"loc":{"start":{"line":58,"column":4},"end":{"line":65,"column":null}},"type":"if","locations":[{"start":{"line":58,"column":4},"end":{"line":65,"column":null}},{"start":{},"end":{}}],"line":58},"3":{"loc":{"start":{"line":95,"column":11},"end":{"line":101,"column":null}},"type":"binary-expr","locations":[{"start":{"line":95,"column":11},"end":{"line":95,"column":null}},{"start":{"line":96,"column":12},"end":{"line":101,"column":null}}],"line":95},"4":{"loc":{"start":{"line":97,"column":27},"end":{"line":97,"column":null}},"type":"binary-expr","locations":[{"start":{"line":97,"column":27},"end":{"line":97,"column":42}},{"start":{"line":97,"column":42},"end":{"line":97,"column":null}}],"line":97},"5":{"loc":{"start":{"line":119,"column":26},"end":{"line":121,"column":null}},"type":"binary-expr","locations":[{"start":{"line":119,"column":26},"end":{"line":120,"column":null}},{"start":{"line":120,"column":89},"end":{"line":121,"column":null}}],"line":119},"6":{"loc":{"start":{"line":120,"column":21},"end":{"line":120,"column":42}},"type":"binary-expr","locations":[{"start":{"line":120,"column":21},"end":{"line":120,"column":38}},{"start":{"line":120,"column":38},"end":{"line":120,"column":42}}],"line":120},"7":{"loc":{"start":{"line":121,"column":23},"end":{"line":121,"column":41}},"type":"binary-expr","locations":[{"start":{"line":121,"column":23},"end":{"line":121,"column":37}},{"start":{"line":121,"column":37},"end":{"line":121,"column":41}}],"line":121}},"s":{"0":24,"1":24,"2":24,"3":24,"4":24,"5":9,"6":24,"7":9,"8":9,"9":9,"10":0,"11":0,"12":24,"13":1,"14":1,"15":0,"16":0,"17":0,"18":0,"19":1,"20":1,"21":1,"22":1,"23":1,"24":0,"25":24,"26":1,"27":1,"28":24,"29":0,"30":0,"31":24,"32":0,"33":0,"34":0,"35":0,"36":0,"37":0,"38":0,"39":24,"40":5,"41":2,"42":2,"43":17,"44":13,"45":0,"46":0},"f":{"0":24,"1":9,"2":9,"3":1,"4":0,"5":0,"6":1,"7":1,"8":0,"9":0,"10":0,"11":0,"12":5,"13":2,"14":17,"15":13,"16":0,"17":0},"b":{"0":[0,1],"1":[0,0],"2":[0,0],"3":[24,2],"4":[2,2],"5":[17,5],"6":[17,0],"7":[5,0]},"meta":{"lastBranch":8,"lastFunction":18,"lastStatement":47,"seen":{"f:7:16:7:28":0,"s:8:24:8:Infinity":0,"s:9:34:9:Infinity":1,"s:10:38:10:Infinity":2,"s:11:36:11:Infinity":3,"s:13:2:15:Infinity":4,"f:13:12:13:18":1,"s:14:4:14:Infinity":5,"s:17:21:25:Infinity":6,"f:17:21:17:33":2,"s:18:4:24:Infinity":7,"s:19:27:19:Infinity":8,"s:20:6:20:Infinity":9,"s:22:6:22:Infinity":10,"s:23:6:23:Infinity":11,"s:27:27:45:Infinity":12,"f:27:27:27:34":3,"s:28:4:44:Infinity":13,"b:29:6:39:Infinity:35:13:39:Infinity":0,"s:29:6:39:Infinity":14,"s:31:24:31:Infinity":15,"s:32:8:34:Infinity":16,"f:32:17:32:18":4,"s:33:10:33:Infinity":17,"f:33:24:33:25":5,"s:33:32:33:66":18,"b:33:54:33
[...]
mn":2},"end":{"line":274,"column":null}},"84":{"start":{"line":273,"column":4},"end":{"line":273,"column":null}},"85":{"start":{"line":275,"column":2},"end":{"line":275,"column":null}},"86":{"start":{"line":279,"column":19},"end":{"line":283,"column":null}},"87":{"start":{"line":284,"column":2},"end":{"line":286,"column":null}},"88":{"start":{"line":285,"column":4},"end":{"line":285,"column":null}},"89":{"start":{"line":287,"column":2},"end":{"line":287,"column":null}},"90":{"start":{"line":292,"column":19},"end":{"line":298,"column":null}},"91":{"start":{"line":299,"column":2},"end":{"line":301,"column":null}},"92":{"start":{"line":300,"column":4},"end":{"line":300,"column":null}},"93":{"start":{"line":302,"column":2},"end":{"line":302,"column":null}},"94":{"start":{"line":306,"column":19},"end":{"line":313,"column":null}},"95":{"start":{"line":314,"column":2},"end":{"line":317,"column":null}},"96":{"start":{"line":315,"column":22},"end":{"line":315,"column":null}},"97":{"start":{"line":316,"column":4},"end":{"line":316,"column":null}}},"fnMap":{"0":{"name":"getAllProducts","decl":{"start":{"line":10,"column":22},"end":{"line":10,"column":39}},"loc":{"start":{"line":10,"column":39},"end":{"line":16,"column":null}},"line":10},"1":{"name":"getProductBySlug","decl":{"start":{"line":18,"column":22},"end":{"line":18,"column":39}},"loc":{"start":{"line":18,"column":53},"end":{"line":24,"column":null}},"line":18},"2":{"name":"createProduct","decl":{"start":{"line":26,"column":22},"end":{"line":26,"column":36}},"loc":{"start":{"line":26,"column":54},"end":{"line":39,"column":null}},"line":26},"3":{"name":"updateProduct","decl":{"start":{"line":41,"column":22},"end":{"line":41,"column":36}},"loc":{"start":{"line":41,"column":66},"end":{"line":54,"column":null}},"line":41},"4":{"name":"deleteProduct","decl":{"start":{"line":56,"column":22},"end":{"line":56,"column":36}},"loc":{"start":{"line":56,"column":48},"end":{"line":67,"column":null}},"line":56},"5":{"name":"getAllCategories","decl":{"start":{"line":70,"column":22},"end":{"line":70,"column":41}},"loc":{"start":{"line":70,"column":41},"end":{"line":76,"column":null}},"line":70},"6":{"name":"getCategoryById","decl":{"start":{"line":78,"column":22},"end":{"line":78,"column":38}},"loc":{"start":{"line":78,"column":50},"end":{"line":84,"column":null}},"line":78},"7":{"name":"getCategoryByName","decl":{"start":{"line":86,"column":22},"end":{"line":86,"column":40}},"loc":{"start":{"line":86,"column":54},"end":{"line":92,"column":null}},"line":86},"8":{"name":"createCategory","decl":{"start":{"line":94,"column":22},"end":{"line":94,"column":37}},"loc":{"start":{"line":94,"column":56},"end":{"line":107,"column":null}},"line":94},"9":{"name":"updateCategory","decl":{"start":{"line":109,"column":22},"end":{"line":109,"column":37}},"loc":{"start":{"line":109,"column":68},"end":{"line":122,"column":null}},"line":109},"10":{"name":"deleteCategory","decl":{"start":{"line":124,"column":22},"end":{"line":124,"column":37}},"loc":{"start":{"line":124,"column":49},"end":{"line":137,"column":null}},"line":124},"11":{"name":"getAllUsers","decl":{"start":{"line":140,"column":22},"end":{"line":140,"column":36}},"loc":{"start":{"line":140,"column":36},"end":{"line":150,"column":null}},"line":140},"12":{"name":"getUserById","decl":{"start":{"line":152,"column":22},"end":{"line":152,"column":34}},"loc":{"start":{"line":152,"column":46},"end":{"line":162,"column":null}},"line":152},"13":{"name":"createUser","decl":{"start":{"line":164,"column":22},"end":{"line":164,"column":33}},"loc":{"start":{"line":164,"column":48},"end":{"line":177,"column":null}},"line":164},"14":{"name":"updateUser","decl":{"start":{"line":179,"column":22},"end":{"line":179,"column":33}},"loc":{"start":{"line":179,"column":60},"end":{"line":192,"column":null}},"line":179},"15":{"name":"updateUserProfile","decl":{"start":{"line":194,"column":22},"end":{"line":194,"column":40}},"loc":{"start":{"line":194,"column":55},"end":{"line":207,"column":null}},"line":194},"16":{"name":"deleteUserProfile","decl":{"start":{"line":209,"column":22},"end":{"line":209,"column":59}},"loc":{"start":{"line":209,"column":59},"end":{"line":220,"column":null}},"line":209},"17":{"name":"deleteUser","decl":{"start":{"line":222,"column":22},"end":{"line":222,"column":33}},"loc":{"start":{"line":222,"column":45},"end":{"line":233,"column":null}},"line":222},"18":{"name":"createOrder","decl":{"start":{"line":236,"column":22},"end":{"line":236,"column":34}},"loc":{"start":{"line":236,"column":115},"end":{"line":249,"column":null}},"line":236},"19":{"name":"getAllOrders","decl":{"start":{"line":251,"column":22},"end":{"line":251,"column":37}},"loc":{"start":{"line":251,"column":37},"end":{"line":261,"column":null}},"line":251},"20":{"name":"updateOrderStatus","decl":{"start":{"line":263,"column":22},"end":{"line":263,"column":40}},"loc":{"start":{"line":263,"column":73},"end":{"line":276,"column":null}},"line":263},"21":{"name":"getOrdersByUserId","decl":{"start":{"line":278,"column":22},"end":{"line":278,"column":40}},"loc":{"start":{"line":278,"column":56},"end":{"line":288,"column":null}},"line":278},"22":{"name":"login","decl":{"start":{"line":291,"column":22},"end":{"line":291,"column":28}},"loc":{"start":{"line":291,"column":101},"end":{"line":303,"column":null}},"line":291},"23":{"name":"changePassword","decl":{"start":{"line":305,"column":22},"end":{"line":305,"column":37}},"loc":{"start":{"line":305,"column":113},"end":{"line":318,"column":null}},"line":305}},"branchMap":{"0":{"loc":{"start":{"line":12,"column":2},"end":{"line":14,"column":null}},"type":"if","locations":[{"start":{"line":12,"column":2},"end":{"line":14,"column":null}},{"start":{},"end":{}}],"line":12},"1":{"loc":{"start":{"line":20,"column":2},"end":{"line":22,"column":null}},"type":"if","locations":[{"start":{"line":20,"column":2},"end":{"line":22,"column":null}},{"start":{},"end":{}}],"line":20},"2":{"loc":{"start":{"line":35,"column":2},"end":{"line":37,"column":null}},"type":"if","locations":[{"start":{"line":35,"column":2},"end":{"line":37,"column":null}},{"start":{},"end":{}}],"line":35},"3":{"loc":{"start":{"line":50,"column":2},"end":{"line":52,"column":null}},"type":"if","locations":[{"start":{"line":50,"column":2},"end":{"line":52,"column":null}},{"start":{},"end":{}}],"line":50},"4":{"loc":{"start":{"line":63,"column":2},"end":{"line":65,"column":null}},"type":"if","locations":[{"start":{"line":63,"column":2},"end":{"line":65,"column":null}},{"start":{},"end":{}}],"line":63},"5":{"loc":{"start":{"line":72,"column":2},"end":{"line":74,"column":null}},"type":"if","locations":[{"start":{"line":72,"column":2},"end":{"line":74,"column":null}},{"start":{},"end":{}}],"line":72},"6":{"loc":{"start":{"line":80,"column":2},"end":{"line":82,"column":null}},"type":"if","locations":[{"start":{"line":80,"column":2},"end":{"line":82,"column":null}},{"start":{},"end":{}}],"line":80},"7":{"loc":{"start":{"line":88,"column":2},"end":{"line":90,"column":null}},"type":"if","locations":[{"start":{"line":88,"column":2},"end":{"line":90,"column":null}},{"start":{},"end":{}}],"line":88},"8":{"loc":{"start":{"line":103,"column":2},"end":{"line":105,"column":null}},"type":"if","locations":[{"start":{"line":103,"column":2},"end":{"line":105,"column":null}},{"start":{},"end":{}}],"line":103},"9":{"loc":{"start":{"line":118,"column":2},"end":{"line":120,"column":null}},"type":"if","locations":[{"start":{"line":118,"column":2},"end":{"line":120,"column":null}},{"start":{},"end":{}}],"line":118},"10":{"loc":{"start":{"line":131,"column":2},"end":{"line":135,"column":null}},"type":"if","locations":[{"start":{"line":131,"column":2},"end":{"line":135,"column":null}},{"start":{},"end":{}}],"line":131},"11":{"loc":{"start":{"line":146,"column":2},"end":{"line":148,"column":null}},"type":"if","locations":[{"start":{"line":146,"column":2},"end":{"line":148,"column":null}},{"start":{},"end":{}}],"line":146},"12":{"loc":{"start":{"line":158,"column":2},"end":{"line":160,"column":null}},"type":"if","locations":[{"start":{"line":158,"column":2},"end":{"line":160,"column":null}},{"start":{},"end":{}}],"line":158},"13":{"loc":{"start":{"line":173,"column":2},"end":{"line":175,"column":null}},"type":"if","locations":[{"start":{"line":173,"column":2},"end":{"line":175,"column":null}},{"start":{},"end":{}}],"line":173},"14":{"loc":{"start":{"line":188,"column":2},"end":{"line":190,"column":null}},"type":"if","locations":[{"start":{"line":188,"column":2},"end":{"line":190,"column":null}},{"start":{},"end":{}}],"line":188},"15":{"loc":{"start":{"line":203,"column":2},"end":{"line":205,"column":null}},"type":"if","locations":[{"start":{"line":203,"column":2},"end":{"line":205,"column":null}},{"start":{},"end":{}}],"line":203},"16":{"loc":{"start":{"line":216,"column":2},"end":{"line":218,"column":null}},"type":"if","locations":[{"start":{"line":216,"column":2},"end":{"line":218,"column":null}},{"start":{},"end":{}}],"line":216},"17":{"loc":{"start":{"line":229,"column":2},"end":{"line":231,"column":null}},"type":"if","locations":[{"start":{"line":229,"column":2},"end":{"line":231,"column":null}},{"start":{},"end":{}}],"line":229},"18":{"loc":{"start":{"line":245,"column":2},"end":{"line":247,"column":null}},"type":"if","locations":[{"start":{"line":245,"column":2},"end":{"line":247,"column":null}},{"start":{},"end":{}}],"line":245},"19":{"loc":{"start":{"line":257,"column":2},"end":{"line":259,"column":null}},"type":"if","locations":[{"start":{"line":257,"column":2},"end":{"line":259,"column":null}},{"start":{},"end":{}}],"line":257},"20":{"loc":{"start":{"line":272,"column":2},"end":{"line":274,"column":null}},"type":"if","locations":[{"start":{"line":272,"column":2},"end":{"line":274,"column":null}},{"start":{},"end":{}}],"line":272},"21":{"loc":{"start":{"line":284,"column":2},"end":{"line":286,"column":null}},"type":"if","locations":[{"start":{"line":284,"column":2},"end":{"line":286,"column":null}},{"start":{},"end":{}}],"line":284},"22":{"loc":{"start":{"line":299,"column":2},"end":{"line":301,"column":null}},"type":"if","locations":[{"start":{"line":299,"column":2},"end":{"line":301,"column":null}},{"start":{},"end":{}}],"line":299},"23":{"loc":{"start":{"line":314,"column":2},"end":{"line":317,"column":null}},"type":"if","locations":[{"start":{"line":314,"column":2},"end":{"line":317,"column":null}},{"start":{},"end":{}}],"line":314},"24":{"loc":{"start":{"line":316,"column":20},"end":{"line":316,"column":81}},"type":"binary-expr","locations":[{"start":{"line":316,"column":20},"end":{"line":316,"column":41}},{"start":{"line":316,"column":41},"end":{"line":316,"column":81}}],"line":316}},"s":{"0":2,"1":2,"2":1,"3":1,"4":0,"5":0,"6":0,"7":0,"8":1,"9":1,"10":0,"11":1,"12":0,"13":0,"14":0,"15":0,"16":0,"17":0,"18":0,"19":0,"20":0,"21":0,"22":0,"23":0,"24":0,"25":0,"26":0,"27":0,"28":0,"29":0,"30":0,"31":0,"32":0,"33":0,"34":0,"35":0,"36":0,"37":0,"38":0,"39":0,"40":1,"41":1,"42":1,"43":1,"44":1,"45":0,"46":0,"47":0,"48":0,"49":0,"50":0,"51":0,"52":0,"53":0,"54":0,"55":0,"56":0,"57":0,"58":0,"59":0,"60":0,"61":0,"62":0,"63":0,"64":0,"65":0,"66":0,"67":0,"68":0,"69":0,"70":0,"71":0,"72":0,"73":0,"74":0,"75":0,"76":0,"77":0,"78":0,"79":0,"80":0,"81":0,"82":0,"83":0,"84":0,"85":0,"86":0,"87":0,"88":0,"89":0,"90":1,"91":1,"92":0,"93":1,"94":1,"95":1,"96":1,"97":1},"f":{"0":2,"1":0,"2":1,"3":0,"4":0,"5":0,"6":0,"7":0,"8":0,"9":0,"10":1,"11":0,"12":0,"13":0,"14":0,"15":0,"16":0,"17":0,"18":0,"19":0,"20":0,"21":0,"22":1,"23":1},"b":{"0":[1,1],"1":[0,0],"2":[0,1],"3":[0,0],"4":[0,0],"5":[0,0],"6":[0,0],"7":[0,0],"8":[0,0],"9":[0,0],"10":[1,0],"11":[0,0],"12":[0,0],"13":[0,0],"14":[0,0],"15":[0,0],"16":[0,0],"17":[0,0],"18":[0,0],"19":[0,0],"20":[0,0],"21":[0,0],"22":[0,1],"23":[1,0],"24":[1,0]},"meta":{"lastBranch":25,"lastFunction":24,"lastStatement":98,"seen":{"f:10:22:10:39":0,"s:11:19:11:Infinity":0,"b:12:2:14:Infinity:undefined:undefined:undefined:undefined":0,"s:12:2:14:Infinity":1,"s:13:4:13:Infinity":2,"s:15:2:15:Infinity":3,"f:18:22:18:39":1,"s:19:19:19:Infinity":4,"b:20:2:22:Infinity:undefined:undefined:undefined:undefined":1,"s:20:2:22:Infinity":5,"s:21:4:21:Infinity":6,"s:23:2:23:Infinity":7,"f:26:22:26:36":2,"s:27:19:34:Infinity":8,"b:35:2:37:Infinity:undefined:undefined:undefined:undefined":2,"s:35:2:37:Infinity":9,"s:36:4:36:Infinity":10,"s:38:2:38:Infinity":11,"f:41:22:41:36":3,"s:42:19:49:Infinity":12,"b:50:2:52:Infinity:undefined:undefined:undefined:undefined":3,"s:50:2:52:Infinity":13,"s:51:4:51:Infinity":14,"s:53:2:53:Infinity":15,"f:56:22:56:36":4,"s:57:19:62:Infinity":16,"b:63:2:65:Infinity:undefined:undefined:undefined:undefined":4,"s:63:2:65:Infinity":17,"s:64:4:64:Infinity":18,"s:66:2:66:Infinity":19,"f:70:22:70:41":5,"s:71:19:71:Infinity":20,"b:72:2:74:Infinity:undefined:undefined:undefined:undefined":5,"s:72:2:74:Infinity":21,"s:73:4:73:Infinity":22,"s:75:2:75:Infinity":23,"f:78:22:78:38":6,"s:79:19:79:Infinity":24,"b:80:2:82:Infinity:undefined:undefined:undefined:undefined":6,"s:80:2:82:Infinity":25,"s:81:4:81:Infinity":26,"s:83:2:83:Infinity":27,"f:86:22:86:40":7,"s:87:19:87:Infinity":28,"b:88:2:90:Infinity:undefined:undefined:undefined:undefined":7,"s:88:2:90:Infinity":29,"s:89:4:89:Infinity":30,"s:91:2:91:Infinity":31,"f:94:22:94:37":8,"s:95:19:102:Infinity":32,"b:103:2:105:Infinity:undefined:undefined:undefined:undefined":8,"s:103:2:105:Infinity":33,"s:104:4:104:Infinity":34,"s:106:2:106:Infinity":35,"f:109:22:109:37":9,"s:110:19:117:Infinity":36,"b:118:2:120:Infinity:undefined:undefined:undefined:undefined":9,"s:118:2:120:Infinity":37,"s:119:4:119:Infinity":38,"s:121:2:121:Infinity":39,"f:124:22:124:37":10,"s:125:19:130:Infinity":40,"b:131:2:135:Infinity:undefined:undefined:undefined:undefined":10,"s:131:2:135:Infinity":41,"s:132:23:132:Infinity":42,"s:133:4:133:Infinity":43,"s:134:4:134:Infinity":44,"s:136:2:136:Infinity":45,"f:140:22:140:36":11,"s:141:19:145:Infinity":46,"b:146:2:148:Infinity:undefined:undefined:undefined:undefined":11,"s:146:2:148:Infinity":47,"s:147:4:147:Infinity":48,"s:149:2:149:Infinity":49,"f:152:22:152:34":12,"s:153:19:157:Infinity":50,"b:158:2:160:Infinity:undefined:undefined:undefined:undefined":12,"s:158:2:160:Infinity":51,"s:159:4:159:Infinity":52,"s:161:2:161:Infinity":53,"f:164:22:164:33":13,"s:165:19:172:Infinity":54,"b:173:2:175:Infinity:undefined:undefined:undefined:undefined":13,"s:173:2:175:Infinity":55,"s:174:4:174:Infinity":56,"s:176:2:176:Infinity":57,"f:179:22:179:33":14,"s:180:19:187:Infinity":58,"b:188:2:190:Infinity:undefined:undefined:undefined:undefined":14,"s:188:2:190:Infinity":59,"s:189:4:189:Infinity":60,"s:191:2:191:Infinity":61,"f:194:22:194:40":15,"s:195:19:202:Infinity":62,"b:203:2:205:Infinity:undefined:undefined:undefined:undefined":15,"s:203:2:205:Infinity":63,"s:204:4:204:Infinity":64,"s:206:2:206:Infinity":65,"f:209:22:209:59":16,"s:210:19:215:Infinity":66,"b:216:2:218:Infinity:undefined:undefined:undefined:undefined":16,"s:216:2:218:Infinity":67,"s:217:4:217:Infinity":68,"s:219:2:219:Infinity":69,"f:222:22:222:33":17,"s:223:19:228:Infinity":70,"b:229:2:231:Infinity:undefined:undefined:undefined:undefined":17,"s:229:2:231:Infinity":71,"s:230:4:230:Infinity":72,"s:232:2:232:Infinity":73,"f:236:22:236:34":18,"s:237:19:244:Infinity":74,"b:245:2:247:Infinity:undefined:undefined:undefined:undefined":18,"s:245:2:247:Infinity":75,"s:246:4:246:Infinity":76,"s:248:2:248:Infinity":77,"f:251:22:251:37":19,"s:252:19:256:Infinity":78,"b:257:2:259:Infinity:undefined:undefined:undefined:undefined":19,"s:257:2:259:Infinity":79,"s:258:4:258:Infinity":80,"s:260:2:260:Infinity":81,"f:263:22:263:40":20,"s:264:19:271:Infinity":82,"b:272:2:274:Infinity:undefined:undefined:undefined:undefined":20,"s:272:2:274:Infinity":83,"s:273:4:273:Infinity":84,"s:275:2:275:Infinity":85,"f:278:22:278:40":21,"s:279:19:283:Infinity":86,"b:284:2:286:Infinity:undefined:undefined:undefined:undefined":21,"s:284:2:286:Infinity":87,"s:285:4:285:Infinity":88,"s:287:2:287:Infinity":89,"f:291:22:291:28":22,"s:292:19:298:Infinity":90,"b:299:2:301:Infinity:undefined:undefined:undefined:undefined":22,"s:299:2:301:Infinity":91,"s:300:4:300:Infinity":92,"s:302:2:302:Infinity":93,"f:305:22:305:37":23,"s:306:19:313:Infinity":94,"b:314:2:317:Infinity:undefined:undefined:undefined:undefined":23,"s:314:2:317:Infinity":95,"s:315:22:315:Infinity":96,"s:316:4:316:Infinity":97,"b:316:20:316:41:316:41:316:81":24}}}
,"C:\\Users\\Felipe\\Desktop\\Programacao\\Muzyka\\muzyka-react\\src\\services\\apiUtils.ts": {"path":"C:\\Users\\Felipe\\Desktop\\Programacao\\Muzyka\\muzyka-react\\src\\services\\apiUtils.ts","statementMap":{"0":{"start":{"line":1,"column":28},"end":{"line":1,"column":null}},"1":{"start":{"line":4,"column":16},"end":{"line":4,"column":null}},"2":{"start":{"line":5,"column":2},"end":{"line":7,"column":null}},"3":{"start":{"line":6,"column":4},"end":{"line":6,"column":null}},"4":{"start":{"line":8,"column":2},"end":{"line":8,"column":null}}},"fnMap":{"0":{"name":"getAuthHeader","decl":{"start":{"line":3,"column":16},"end":{"line":3,"column":45}},"loc":{"start":{"line":3,"column":45},"end":{"line":9,"column":null}},"line":3}},"branchMap":{"0":{"loc":{"start":{"line":5,"column":2},"end":{"line":7,"column":null}},"type":"if","locations":[{"start":{"line":5,"column":2},"end":{"line":7,"column":null}},{"start":{},"end":{}}],"line":5}},"s":{"0":2,"1":0,"2":0,"3":0,"4":0},"f":{"0":0},"b":{"0":[0,0]},"meta":{"lastBranch":1,"lastFunction":1,"lastStatement":5,"seen":{"s:1:28:1:Infinity":0,"f:3:16:3:45":0,"s:4:16:4:Infinity":1,"b:5:2:7:Infinity:undefined:undefined:undefined:undefined":0,"s:5:2:7:Infinity":2,"s:6:4:6:Infinity":3,"s:8:2:8:Infinity":4}}}
,"C:\\Users\\Felipe\\Desktop\\Programacao\\Muzyka\\muzyka-react\\src\\styles\\admin.css": {"path":"C:\\Users\\Felipe\\Desktop\\Programacao\\Muzyka\\muzyka-react\\src\\styles\\admin.css","statementMap":{},"fnMap":{},"branchMap":{},"s":{},"f":{},"b":{},"meta":{"lastBranch":0,"lastFunction":0,"lastStatement":0,"seen":{}}}
,"C:\\Users\\Felipe\\Desktop\\Programacao\\Muzyka\\muzyka-react\\src\\styles\\breadcrumb.css": {"path":"C:\\Users\\Felipe\\Desktop\\Programacao\\Muzyka\\muzyka-react\\src\\styles\\breadcrumb.css","statementMap":{},"fnMap":{},"branchMap":{},"s":{},"f":{},"b":{},"meta":{"lastBranch":0,"lastFunction":0,"lastStatement":0,"seen":{}}}
,"C:\\Users\\Felipe\\Desktop\\Programacao\\Muzyka\\muzyka-react\\src\\styles\\cart.css": {"path":"C:\\Users\\Felipe\\Desktop\\Programacao\\Muzyka\\muzyka-react\\src\\styles\\cart.css","statementMap":{},"fnMap":{},"branchMap":{},"s":{},"f":{},"b":{},"meta":{"lastBranch":0,"lastFunction":0,"lastStatement":0,"seen":{}}}
,"C:\\Users\\Felipe\\Desktop\\Programacao\\Muzyka\\muzyka-react\\src\\styles\\dashboard.css": {"path":"C:\\Users\\Felipe\\Desktop\\Programacao\\Muzyka\\muzyka-react\\src\\styles\\dashboard.css","statementMap":{},"fnMap":{},"branchMap":{},"s":{},"f":{},"b":{},"meta":{"lastBranch":0,"lastFunction":0,"lastStatement":0,"seen":{}}}
,"C:\\Users\\Felipe\\Desktop\\Programacao\\Muzyka\\muzyka-react\\src\\styles\\details.css": {"path":"C:\\Users\\Felipe\\Desktop\\Programacao\\Muzyka\\muzyka-react\\src\\styles\\details.css","statementMap":{},"fnMap":{},"branchMap":{},"s":{},"f":{},"b":{},"meta":{"lastBranch":0,"lastFunction":0,"lastStatement":0,"seen":{}}}
,"C:\\Users\\Felipe\\Desktop\\Programacao\\Muzyka\\muzyka-react\\src\\styles\\floatingUp.css": {"path":"C:\\Users\\Felipe\\Desktop\\Programacao\\Muzyka\\muzyka-react\\src\\styles\\floatingUp.css","statementMap":{},"fnMap":{},"branchMap":{},"s":{},"f":{},"b":{},"meta":{"lastBranch":0,"lastFunction":0,"lastStatement":0,"seen":{}}}
,"C:\\Users\\Felipe\\Desktop\\Programacao\\Muzyka\\muzyka-react\\src\\styles\\product.css": {"path":"C:\\Users\\Felipe\\Desktop\\Programacao\\Muzyka\\muzyka-react\\src\\styles\\product.css","statementMap":{},"fnMap":{},"branchMap":{},"s":{},"f":{},"b":{},"meta":{"lastBranch":0,"lastFunction":0,"lastStatement":0,"seen":{}}}
}
